69a12d87-7cc5-bc05-2d01-9f27e25fd3e2
2c097ff2-799d-99f4-70be-24ade9c27a50
81d8e69b-7e78-7839-5932-9721d699eb52
b434c97e-0dbc-86e7-559e-ae8865dda5bb
14b51d10-db3d-2249-b65f-d2acc6f5f116
a6ec3b2e-b670-4c25-9906-4f5698e35b9b
ff4f25c8-2061-02a6-307d-4cc4829a5d8a
17d67042-6978-6437-0524-229e134a959c
1b211ff6-5950-e34e-bab9-bbaeec283524
f8a91c33-62a0-d8e4-85b3-937b4e0bcdc7
9a095924-153d-e327-d902-0e2d32d68f61
3f9e5332-a01e-fe13-9b20-c2dbbc388fc2
011641af-32ea-0f94-4f7a-962dfcfb2106
cfd6a992-fca6-c3c8-c9da-216f2af21277
dff429f8-a86f-a539-718e-3e0583dd5d71
0d50df17-f208-eb45-04d1-60596ae60f7c
6b205861-7934-eee8-0ede-824b25eb8d9d
49d63057-add1-0a65-91cf-356a3141dd51
684b1c23-096c-ee15-d6a8-05a8eb8bf3aa
da0e0994-e08d-57fd-3d09-4d879e45a14d
2198f7be-e4b8-cfd8-47fb-ecddbda1a13f
3216190a-b3dd-58de-b087-9a9c91e0f38b
6a8c222d-b2d0-0e80-9557-82e05e8f5716
ad85650e-0aa6-8145-19cf-c6aa6d89bf36
c4451b3d-90fa-7dc8-8ad8-c309bf82dcb3
4863de1a-1f08-4240-8b8c-ff8a4b3d3bab
673c83a8-f8cd-4410-d257-2367d13bfcd6
6cbd0575-2288-6106-0653-e07d6cb818c6
2f88c73f-1035-4fed-5a5b-97f7bf113a14
c1a4e41c-8666-0656-2e7e-bed4c06779ad
10b7bfe2-20e5-10ca-b303-1d148438035f
a3e0f0f0-8684-6248-1d9b-25df1d7ec696
06378566-bfc6-caf6-bcf3-9f520124e6f9
49c9ce89-5380-5ab1-68c3-9d2981ebeabf
61ec4a45-fbda-7b54-10ae-793b2270e76c
ac3af7c4-9029-1c28-2cb1-503976c4faae
4e2b9d82-5955-a5f0-4c03-a93cf07c8626
e6361214-2f55-b6ca-ffd0-dcf682043356
88e163f1-a44f-36b1-b984-00cd96086d9a
7944c3ce-84df-4c96-d3f5-24c8c3f27a73
9fa56e7d-352a-5a01-bdc7-9e7bd7b33370
4a8370b5-1585-85cb-c99a-be8e47cb6c1b
06281235-a09c-0192-18eb-db5cb5d22bf8
787af476-03da-ee61-3c87-c639058af0fb
34bc4866-9e25-c269-1f24-efab6768c0e9
6dde75f6-8621-52a9-38e0-123629a94c82
1f322160-921f-a935-33a6-2e6e6da05a43
447eed32-b0e6-d560-ef02-3fc71f8e2476
e4d45184-1320-81a3-e21d-2ea83876eb25
383632b5-477e-1ef3-7bcc-bf77420963a4
7151c482-9d00-ab9d-fd64-ac7ab914c20b
161e0664-9842-d86d-cb1f-04d8bf300896
98d9caf9-0c3b-dd60-76c6-9daed841120a
6b15e496-3609-ff3f-c36f-1309c2a69063
7f10e123-02ba-4071-bb6e-d554f917c3b5
75800c1a-fa42-6da5-ab14-dfd37596d094
b11db926-01e5-fedc-9f71-0294a0a0ca95
c138dd57-49ba-c6fc-30e0-f2784b2a3a26
80bb32c7-0036-63ce-e875-ba94feb3625b
7c68d92d-6e81-c0e4-28a9-9821a9b1514b
fc04f330-17d2-5e56-4d66-54708f74a5a7
6b7a5e91-d07b-d741-8f76-b45e8d90c8f0
f18551d4-44f2-3cc9-48ab-07c69d36ff8f
292ceee0-b163-1c45-1c4e-3b0d7d96e30a
b2c46389-4c16-2539-5851-fef5b73cf3a5
384a0e1e-c5fc-a1e4-45bb-75c54be5ad05
446bdf9a-8862-8f50-aa96-d4cc739491f9
5583d6ea-31a1-b1c1-8ec9-d1009c580d52
90770c30-01d0-62f6-f506-fb70109f0f1f
8405a458-ee08-0f82-723f-58b058399afe
ee8f32bd-ad13-d24f-1da3-9f0a5bd4dd97
db4a2294-61cc-0496-fa04-19b7f73db5e7
18e7ccfa-bdeb-89a7-63d1-dbc71f349409
bddfbef4-e76a-8bf6-ce17-4fbc96828846
a295790d-3623-4fb6-ae63-25d2b9615804
d065785a-dced-3f9b-3ade-1793c906f682
278836df-0f33-f667-c298-12405ed87f6b
5b5d2d30-12c8-c077-71f1-5b2cc92da20d
40dc2742-38d0-b9af-196b-4035b7349615
ea0a8b43-18fe-8d65-37f2-c90ac9a99f7b
06f93465-9225-5567-75c6-c8f06079c338
1445ee2c-c7e9-2a1c-5e81-5c80d9a67735
1f9470a4-4ded-85ba-c7d8-692f3c436996
3b9e8027-63aa-a6f3-069d-4b213a21b3d9
b99b3d7e-e6e4-40e8-adfa-8ddd52b268b5
53a01ddc-3a1c-b203-3ae3-d3b4c237f32c
69ff1ebd-c3ab-379f-786c-e1dd47f715f1
7b3a6bac-feac-79e6-1305-29db51190319
69daf37d-4140-541d-7c05-1e69955bd6c4
8a9411b7-39fd-e71c-a011-d696a191cc94
de48a1e4-a2e8-7c57-bb3b-fbe53708a746
0fe40dd8-6e33-4d11-adc8-b5d85ff94ac6
bad80a45-f0cc-045a-ccfe-9db96a26b7d9
cee71178-7afc-8081-ee2b-cde9c8409755
1f46e7c5-1de4-4213-4796-2250ae516b6c
b3ec0581-4e5d-17dd-f902-348949a6f4ee
47de4a09-a8cc-8b97-d0b8-c33c9dca83c8
da66636c-7b2a-309c-330f-190a5dde5dd9
56f9f0f7-7578-4408-b15a-3477cbd8e571
fb33e94e-abb5-baed-c9b1-b78f5c6d6b2e
767dd607-e032-b4b5-7750-d451f80fc6f4
0ea67929-61f6-2396-ab7a-fb40dd4ec908
fb2aeb53-19bd-a44d-945a-1a534ff003f7
abf8d92f-bdee-0b38-c6f9-0aa251a1d5f0
cf89e177-4342-74c0-0874-cdd99dd06219
5a62620b-ec1c-cb4d-9f18-e3bd9dbe3897
31cda54d-6458-43d2-c587-9d8e7d45489e
6376c956-bab5-641b-6986-973618052701
4f651309-3a34-b1fd-d062-5a2090fa0001
4574d4c8-7e27-2472-f548-f2588314f00f
57498cd5-4d87-0d37-205f-4569db120ea5
43bec17f-3161-0555-a0c9-bbea53bc53f6
fcc0a362-0985-1639-5b1d-759456d06c2e
9d870a03-452e-3a25-83cf-d65eec59c531
09602cce-f127-23ed-42d2-b5ea33d83c08
a62638f8-6fb3-6fd8-ac3d-13db7eb93c21
d2205670-5c43-2049-4d45-6cb44e265c21
7bd0a7c6-acbc-4780-9ef8-e9a879858747
0b728eb2-5214-c240-8525-88564a918cfd
4d0bcaec-cd2e-0776-3714-52d937dd62ac
29dd4200-cfc0-c9b6-6114-a3e6fcd7ece4
acf12837-5262-bf0e-64e8-1817c6b753f7
14e22186-b79c-b89c-c445-dff29490ffe0
4a84c574-926f-90ed-4fa9-e6e6043a6e4b
ece0b6d5-315a-15db-041e-4db7d72289b3
4cea3e57-3c18-8457-670e-25cbaa78b5aa
53e9ffcf-1b51-0a9f-340c-c82406f149c4
5897efa1-05ea-6732-e911-aa0f2d8fdbf1
d9cbbffa-a564-66f3-3f77-2707611b8eda
63b58513-e5ef-8746-3147-3d25c859e98b
81982275-b148-59b6-21ae-dcafa6a2364e
037c592b-5822-0ad9-0366-86079ce9496f
c55ddb1d-2a6a-e78c-285b-bb9b3c7c3c33
418a7aa3-8ee6-299a-6397-ee62758e00ad
f21650be-7cd5-91f0-22f2-dad4dda5f8d3
f8d6efc0-60dc-7809-24bd-559750462a63
b7702c8b-450f-08cb-a953-e45a696dacd0
8d76f99b-0a07-255e-ef1d-d2b11470a58c
51bb58bc-46bc-d10e-79c5-895a90e79e8e
c42f774b-5f46-7d9b-8e76-69e0535b67d9
7d1cf92b-25e3-5866-5f7f-0d903bead091
5e1de8dc-0e91-c9e9-f46b-fa235e6d7784
ec9f2cdd-a235-5ae3-7e89-abf1e8830546
82b375f7-063c-c3b4-1618-cf93784e6734
b87b97cc-31e5-503e-a51d-8c3cc6f2be2d
bb69a1d2-f78e-cb5f-ae1d-b44c9c64e3bf
36bc28f0-83dc-71c2-1b45-6767dcdb7d8c
8e65a690-7ea2-5152-a5b7-e9cd18b9ed61
f974a455-574a-de2e-74f4-4ddc9fea5f8a
1266b49e-7080-368f-f081-d217fd040eb9
128ea94c-e1b9-b20f-8d74-b0f24b3752f2
e5a9ed7e-a758-561d-688b-5c318a19dfd4
f15b5ba1-ead8-b924-fb05-7b557dd075e8
46b6095a-b88e-6de9-eecf-c3ca42e21c9c
3e0fa0d7-37f7-08ea-96e0-0cf24b591bb5
d85db30c-167b-aad7-0861-4536daeda3ac
f9f1c105-efdb-0704-2589-0305e6eb73e9
2034967e-0690-3904-8251-94a861b8e9df
8e045697-f797-e689-fcd0-54a16b17a0b1
46adf914-092c-d87d-7ed6-b3f3ff31bc34
3f38e5fe-f300-cd29-fa82-1fc94d048b92
cbe3ab90-042c-36db-b611-21dbc3278a59
40bee365-45a5-0964-4389-bfde66c3ed8b
afc1a6c1-036c-3751-bcaf-beb9fee70db8
b63602af-c689-c49e-6e22-8451562c9f9e
929634b4-6cf8-a740-d62e-e4681d28c6da
5409a9d5-8a59-abb7-64c6-a18d11ab76b6
7f67c9d0-5a0e-2c44-7247-286f17fa0bb6
55138563-c914-2fa5-3ef2-b280fa1f0e36
4591b263-da1b-ce0a-8427-6b80c077e789
45825988-3e94-5303-c5a2-0b9cf6c4650a
3bba5a34-09ca-7571-f7d4-61e9a0f71b37
a4e01230-23e3-a9bb-cfd4-4a5450692d1e
ae65a26c-8c9b-1423-643a-343e4bd911d3
46059d52-174a-33b0-d844-f8e43b7a3c40
101b361d-18b0-f76a-2cdc-aa131e34c5e5
3eafa727-2374-bc94-9371-af922dd90974
7c8ab8d2-566c-a54a-5b3f-bf79226bc6f2
90dc5bfa-72a6-fdc2-85e2-2717ad6a81a8
309cfb3b-9497-c7b8-b911-38581737a859
af57f4d4-830b-4723-c3e4-3f28adc81428
6e0b7b2a-3961-7884-9871-dd7e6224e4cd
7507dd37-9600-903c-5d07-2171209e739c
5a701c62-45d0-0319-87ba-3d9f9b65f7d5
cd3f691a-5d29-9f68-e950-07ecebc6eaaa
9f654002-714f-d054-acbe-9743c98f2f34
3f6e6e7d-da4e-a1c0-321e-15755941adcd
7c52b460-6bd6-e852-b6c8-0a2d0628010f
add47979-4596-242e-381c-2f5095aea2bf
23387c76-91fc-0593-01d4-82e02642e404
e26542d8-6d8e-7937-7051-3246bf046cff
98e90bbf-d0c5-9040-ef01-14612094c8db
ed256afa-c9f5-9e3b-9a9f-ddacfbd15b47
b6ec866e-cc6a-64eb-5ad1-05ac26e56a2e
79304435-48aa-8204-e772-edbbd89131d4
80910bd0-2cde-c9a5-90a7-51491354e2f9
d5f6cef8-504a-8447-2c34-9fac4759ea82
cadfa14c-7f66-de21-ae93-f27bc180bf5c
16dc1cb1-f814-bb63-8cef-66527ef67518
37702e05-f7b2-35be-de1f-5f0c5fb8aef9
2f2f0dee-a810-7d82-d1e9-3b051320c9bc
e91049bb-3d84-a3e7-fa11-7c5b25707690
ab377bf3-7e6c-6c6a-092c-9d6d7d9ca62d
3094384a-b03f-17f4-2700-95d979f16c57
cd6be74e-c9ea-604d-fe39-3802d24caf1f
235d9cae-4d63-d669-9396-c63457effb8b
89b2aff3-9cd9-7985-6ee6-ba89479483cd
7ca728e8-3162-c7b2-0f4f-4385e9489ba0
b0efc00a-fcce-3706-ceb9-b7f01aa7904f
dcf794e7-29cc-c818-eb30-18f58671a005
4f202ace-a342-6729-f931-8642a1e5008b
68ece29b-cca2-f91e-1a95-9200d94d3403
e6081dc7-10d8-d97c-1d69-113c34e27b6d
42cb8339-aa67-bf85-0e7d-91edacb2acc0
a07fd22f-08ba-79f0-5730-e8e9b4efc5a4
ecea6e73-00de-1a34-67b4-07c69935592c
498cd203-7d5a-1df1-579d-96921c926f83
c99224c7-5d00-75e3-22ef-cf8c6365b459
497b7817-a4aa-cd36-d355-61476a4fa563
ed6be1a3-a1f9-3cec-2b9c-f0f730d24374
c13d4e8e-b9b2-9754-137c-b5c844aaa954
09b54a2d-1b1e-192c-c62e-11b736386919
059d8ccb-f93f-b884-8951-71f9d9edebaf
47e28297-7f21-ce98-b824-55f330cd1f60
de49e2bc-ff43-6aae-7700-eb7a40a4da36
da00f5a5-8340-fb66-3eec-5b2153075f88
75e73e60-2698-72e1-88f8-f9141e81da6c
8ceb4e01-8277-976a-6d9e-4fc21c1aac9f
ccf2ead1-af9f-5a0f-e923-45cf27678d2e
ee085ce9-e876-1373-4fa9-0b6b3642ddca
f00f72cc-fd7f-e9a8-166c-4963c2657c97
996ca0d4-cf4d-ed13-ec53-6a4d9ee05c31
abd7f931-fd37-0c09-7e16-1a4f42ae9b1e
76436862-be83-a2ee-5df3-3f353cbd910d
3eaa42a5-20e4-e8c6-a357-153a5f577f31
ae266069-cadd-d18b-a02f-57ff487002ae
a1352818-bbab-149b-36d8-dd51162a5c82
a5ac6e9e-1069-f337-0c84-6fe3dfd1fa2e
d73bdf2f-dca0-1849-938d-acb30e7d064e
6d120a93-8ec6-39d3-59ac-9b7f40260bc6
7fe99dfa-cfe6-bba2-5ead-3990d678b989
6e2b4d8b-23be-0fe5-7589-693f02ed0887
3210cc57-1634-3c0b-1268-ffdc20d45e38
0e10c4b9-a074-f7c0-5c30-6605015fc118
aeed5498-0f9b-2047-5d08-5bdea3d4f26b
c05a4d1d-1fa7-2e8b-9363-e28c9794a886
ecb3dace-6c38-e8fa-6146-a76ac8687af8
655a0c40-7514-3c82-45da-f4f31ce187e5
8bfdcbea-1f9c-2201-a209-d6d0061671b1
7125c447-f647-7592-9a94-9834b5b0cddf
60c17834-65fd-f579-f04a-e75ece2b8662
f9443a8f-dd95-d0f6-2435-b3f9698c235b
76094b45-bf3e-ff2e-c827-37e308821502
36a910f1-ac0c-f3f9-8e5f-1bfa828b89ed
85400a7c-7ff3-44f7-e578-14bdc9870c25
2a951771-b6ad-c04e-78e1-3aae84dbf511
04382f5d-7d0b-e388-c2f6-b04b56e14040
10e8c859-26a0-53a0-a297-46349d2c90ac
2c470428-e9d6-2093-0bee-dca1b46ee945
36558400-301e-40ea-70da-f64d55d021e6
aff44d66-290a-d04d-72a5-7e4afff631dd
04df9186-d684-f915-4db9-f4655cee1793
15ab2f91-6611-1ba4-31f6-c7262142306d
c8021a5a-9a3e-60b6-34a7-15a6a68578ac
bedfd8b9-a164-16aa-6070-4cd43000f3b4
c2a654f0-d598-4af9-7b04-117d91809f13
b3d15118-3fb2-e458-81ec-1565dbf9b3cc
b7f81772-fd7f-1982-7ad6-1ef1c16f6c3b
cf790a93-1681-4bec-f436-c13fdbf1f85f
5804181a-165a-f00a-cb94-40b78db15511
d6d9d087-2fd8-2e52-3464-cd2407cb1611
6fc59a59-67ff-185d-a335-801d18e08711
8d3bfd34-d8d9-7eca-b7d1-ea7f1ea626b7
8750baae-6a66-b71a-a7c2-c5ca58457815
f25ca5b0-048a-3439-e06d-43d84853bb85
bad73663-2aac-3630-d0c5-e953bac2f541
557792a0-1682-a339-bbe7-a4ebda7f8917
00930038-c8ac-0d94-224d-44ca36f7b858
3fe43684-b6a1-0940-e825-08ecfa3dde83
32257d9f-2d0b-4a66-7fea-9f4c5a4a82a4
f82e8c57-94e3-3b12-62f8-f5b45f7143fe
47c8b0e5-e1c8-54e4-a50a-03e8583c3287
1d5bfcaa-ae66-6dbb-2636-864e5025e187
83ee98cc-0d60-59cc-5393-12a3a041e11b
16aef8ca-a799-b76d-aab0-76f2ad91fbea
c59121f4-54f0-be8d-ace0-eb8ea3fbb911
dd5fbd8c-2ebd-f2e6-437c-a7955181c7c8
d9ad97e3-9aa2-a9c3-05e6-5776246f4d19
049d05cd-c3a8-97b4-de99-eb8e8a082e19
e9446ef3-948d-6ae2-213a-918e93af6042
5632b9cf-4b25-defe-de67-f6702bcd52de
e50d2d13-d638-542d-e232-1cf092c95546
88734c91-f10f-c387-9e4b-aabefc7d7599
ae1de305-274d-6dcd-c525-fcf84afd2f58
fd2beb13-60e5-9e39-4ac0-7669a7990a2d
cae902a0-2fc3-5a59-c912-bb44fb02c1c6
2ad357e3-7d1b-4bf6-ecb6-c6672e31949e
0cdc444f-0c7a-a3e5-9870-79117e066866
a061a137-6885-fca6-c07f-1242c719db98
5cdfc979-8cfd-a860-0c68-87908c536b96
0452ac4b-5663-bc64-4bb1-4c9df7d9723d
6779eb02-a012-001f-8273-9cea5f07aa9b
00cd15fd-3a88-4d63-fb45-fcdd78b30cfb
2cae49de-355f-ae9c-19d1-9f9ed41b9aea
eaca69b3-95cd-570e-c3d7-a16da5099bab
758255d8-3df2-8d0f-8551-d6731d7f187b
d11627e5-fee7-376b-e4e6-a0bbe01e578c
e66ba545-af34-7bab-1238-488e213d870e
cb953105-1f58-2bd1-9dc8-9b312d9c80cf
5aa5ace6-74c7-96f8-b4b9-6e9923b9b2e1
8229b9cf-7ffc-b3ce-9ec2-954b47230c8c
884f1158-7484-42c3-19fd-adffe1cd6677
aea13ad2-3aa1-3f55-4481-f84c286c1bb3
bf2f451c-335f-5c04-f872-9532b19529bc
60a67be4-a874-26f5-98e6-18ebabb8d007
2b30e300-50ca-d19b-ee10-41188fe6a083
0396fb5d-aae3-1f03-b0d4-12e19a79f989
32fb697e-2c33-9471-8ad2-2ba1d4019f61
1b7406a4-ebf5-bd41-d25d-b6c1de7c373d
7dc0d23f-046b-4b35-0bc0-ef45f31c0bc3
3bf00b6c-8bf9-77b0-caa3-241e72e091aa
9a04c894-bb0d-2057-7931-ae27adae04a6
7925e8e0-eb96-dd66-0b93-ef79e8d82e5a
e323f038-e137-d19c-0a3e-918e5ef1c746
2e5dba54-8e42-80f1-737a-88c6d15f7407
5e6d78da-9e7f-8751-d845-efe9e0eb0838
ddd3dbea-dd1a-834d-4a29-d05fa9ce30c2
d18dda5a-6b8e-fdef-d22d-0a4eaac1fd17
07704742-dfa9-c19a-78f3-63a1f55d8782
96b720ba-63b6-af68-3bd6-e97aa69e6e9d
2fb52e4b-db81-aa48-8e52-3cea6bdf9539
67db2704-2747-d529-abd1-5ea0fe27e935
df604ed7-6be3-7a9b-32c1-72008f34b4f9
a82f03b3-ed7d-9743-5671-8107565e0fbc
84ed9772-83c8-06e8-2664-e8903d617f50
760ec94a-2550-8b9d-148b-fe2e4f219952
2c7651c2-91f5-8292-f205-79b19213fc2b
9bc08196-f363-b1c4-3859-0f93b509005c
b64f7829-29b5-f8eb-490e-e85b35918e74
2192e283-4ad4-e16f-0f00-cb2421b9db72
934e67c7-69e6-86f3-bf6a-c24866da444c
4459b3c6-b945-9e26-a5ec-9c79c75590d3
14b352bc-efdc-2f2b-697f-923f64a5f7ea
b694e454-a0ee-5dfc-a177-71475f738cd7
440097ec-fc2d-e831-3c59-28fd6bc535be
b33e0df6-bab1-5c58-ab75-31e0ccf87e08
dfece57e-06a9-b1ff-dac4-9c38cca5964b
566b77cf-7e5d-068e-f453-e3ee2bbd2401
10566456-5f21-1722-5312-cc486b4ac315
e25b1281-55e7-fef6-e929-b9f30ceb443f
e6424414-56e0-17dc-6d46-d21b892a8695
9944dfb1-a5d7-1e0f-6521-17e9579cdc8c
8ccfe7cb-f0ec-e033-d2df-5e9bca1769cc
974f6599-783f-31da-15d4-c8cff6d42608
f2038374-1a00-faf3-411a-7ebb39b4f625
6840fd41-2554-f652-3093-d886f5287b68
ff4bdaf5-cb9d-7a71-3136-932c30c4b792
89d02972-394d-b4f0-e907-2c0e75db9876
c5485f69-2f15-4050-3c73-e734d3aabcbb
8d0f61c9-b52a-7aeb-0a0e-8c2921620698
e3ad9a23-f3ab-46ae-9c6d-fb1862824ad3
a49d1049-c572-11f2-a1f2-fd51cc71cee7
47b4fd6d-bc1d-3f66-5abf-7401b04ec8fa
a2e5d3b4-b089-fb24-892a-5370f0302b7a
f942b7e5-6f9a-2e09-ce91-46518671027b
30edd309-0c72-5b29-e0f7-89b34583b038
06d0eb29-49b1-46da-64d9-0aeacc29f965
0022ac91-81ef-0c4c-02dc-2020d1553a97
d747c733-55ef-22ed-c6b1-8d12dc085aea
f33b986a-6db1-d1f4-856f-cad6254c29ab
c53fa3c0-7c1d-3c18-77fa-8127e1fbd942
3d763a42-d40c-cc23-e1bc-bdbb0be447a1
9302b225-9466-dd51-4ca7-b2e4b92bd834
90501012-fec9-57ec-fee0-356c4997a4f9
a2198088-5101-80e5-c1fa-f393e453d949
827e8b7b-da72-9827-294b-d7d0c2ae49c4
c5904631-6fb1-c9ce-1e5c-0538fe69233c
7b20ae95-6803-38bb-e230-857b189c83dc
ad501c3e-b2b7-5676-b68e-7abea0a7417a
3aa76b3a-1af9-42b5-fcfa-bc3181eba454
6d659460-68b6-fa8a-68ab-449043f16363
1f5a4d83-a7c1-ccae-ab83-73ff0b099e13
f0fef96d-f8b5-6cc3-240a-260041895063
a4653e70-55b6-80f6-a666-5cb825afd8b3
5f0c62f1-35e0-d685-49e2-3904bc87789e
8bf98c90-bf96-6244-266b-444e1332e81a
c60ce876-60b1-477f-5dbf-c5f42cac1d98
65e2582f-9cf8-d7ae-f0f6-21fe0386bd3c
477f3508-99e6-e7f9-4c80-73b3867d3ee4
ba4d143c-4ae2-9fb6-c556-190473b9219e
1f688180-6b89-b49f-3121-9d0e228fcd77
2f5df13f-08ea-362d-4179-10a063780f6e
f753f013-28b6-bdd8-1cb8-73794c8ec4bd
50cdb94d-bd23-8597-aaf0-e4b511365f87
2accd045-9a0e-106a-b8ab-11aa393db42f
06bf5f83-4743-e24a-46e4-e1cfc4772e54
78fb4a43-1001-475a-3d1d-a8488b825793
628ea33c-6468-8341-d502-5568c2b52889
8c87bb8d-89e8-5067-2e86-99e05fc89a91
289388b0-43de-71b6-a5dc-b80f2b1c43a7
b22b920e-3c52-e3c4-4924-42fdbabc515c
891d7294-d942-0c13-3f2e-4a7439d0303e
88f9b37c-954a-d70f-2acb-1a6824c7e43a
9e55b47b-efd1-05aa-0259-230e6885122d
328a9974-d5d9-f33b-85bb-59c2dff6a829
dd49055d-568a-412a-2425-e5e4b82f9ce5
96e5139b-c968-b947-28ab-608759cbdc7d
0dc5b52b-0edd-61c4-8b3a-ebc9299494ae
0c88a3a9-1625-c9f4-0e34-e452a5791f2e
9a6ceb71-58fa-ba83-bde4-c29c83d5a52d
518003f4-228d-3560-e759-dffd7722060f
a4dd17e6-1134-2018-2e18-54138c61c0ff
57ae3b7f-9d34-8afc-0967-9abefc9cfc21
8de8d460-0bff-e4cc-10d1-5ed69b29ec55
f433df37-cb88-417f-815c-a2291369ea2d
8e7ce70d-79a6-3240-c816-c65dc67622a3
afd7ba09-ff1b-f312-6d57-bf08253b946c
641bb5d3-993d-f6e5-9a8f-55625cbc78cd
fe5d17b2-0427-1c6f-3497-439dd2cddc0d
b6cad528-870d-62b5-48fd-8d408b23f273
980f7744-8ba1-4d93-d2e9-5807c10788ad
b6fc38ef-e57c-581c-f6bf-2b2843ddbc6f
e8b63fdc-0e25-eca1-c754-c4def9953761
58e6b10e-ba60-7076-66f9-05b21f5f812c
1e94f4b4-b951-dbb8-f91c-d564a6710b74
ea7a6f95-e1e3-1303-1c9f-a9887b167cd6
8008a803-e51e-3cec-95dc-cb21b274227e
709ab4c2-b196-4713-f63d-0b484e2cdf68
eceaa19f-721b-88d2-f355-ed304ebcad7f
6db616ae-85af-6a8b-3274-d5029484c964
59c80139-927a-5771-56c8-fd6e1e8f8184
38369130-6804-e864-7837-d151e32e950d
f598e437-1018-2688-1225-7eafd3891684
1c577cbe-fb16-ed93-923f-02329a56e07f
1b3c52ee-5a65-e9a3-8c30-86c1acbfb39d
b00aee6c-a32c-bc47-7f03-0e76aaead877
300a0f6c-15a6-c816-f73a-d612a6c00d6f
543a7641-6e8d-7c31-c3db-ee28e115959f
f2478d4d-6f51-50ee-fdf2-8d6fd544846f
63dd2138-27e7-dec1-c742-bc79ae3f4cf4
01ea855c-db84-d358-996c-bb7edacdd6af
56700ea9-f0b5-715d-74eb-168532854d02
89858aa0-6b91-3599-5437-2cbd24a1e7e6
fec6446d-5150-3b7b-73fe-1c5f14998908
1beeaffe-2f8f-b334-e616-0d226dfe3f0c
beae9624-66d8-b1f9-5593-992db2bccc58
62168311-92fd-b14a-b84f-d79bad8adbda
7716cf81-af39-3819-a4fc-0e24a9d71d23
5b05e42a-9a58-e140-f4fb-6d271c4a7338
d5ad3274-5ec2-f99f-4188-5510e240d853
7b39cd14-3b6d-6a5d-6923-95342f261c9a
12a41833-c1a6-3edd-5a6d-e706f6b49796
18c54682-951e-e97e-9cd8-c5ff1cf039d4
64652b84-01ed-018d-b0e3-6b3061534d7d
1545724e-d4b8-05da-8baf-0d5c8fa766b8
260fb0ab-5593-4ad2-9e98-06ed0c2454ad
73b3d6d1-ef14-33ef-b34c-b1451750a4a7
d386703b-012c-3c60-2054-ac76e1625792
f8460b61-628f-e304-ac91-2ffc5aa4d3c6
e7e31d8e-a5d9-b2c4-24c3-94bf866172b3
4a902a53-4cc4-8090-7570-e41ce7ccf594
25577f19-068c-7cfa-63f4-e0da3a300bc9
1c826345-62af-78d8-9c7a-42634282b6fc
f5fb0788-f042-47be-b9c0-a0b04de36b8e
f852cd3d-1e21-1b8d-454d-1493dc8577da
208f2aa6-b7ed-932e-62f7-3dd8eee1cb3d
1c83593d-690b-838f-a69e-867f0271693d
aa687ecd-88ef-172b-9798-e1ca67ae2810
654b5ded-7cf5-d277-e333-133615da3f23
d3bdaa1f-a08d-573d-f004-465c221f9760
0b7115e6-8694-080f-ed9c-6523be7ce065
27912bd6-31e3-b6fa-4afc-62366a79ed90
8767ea55-ec9b-9b0f-c175-b87fbdc3be2c
3aa46d43-646c-32fa-4b97-1b41383404a0
74075527-e82a-1c42-88b8-7d7206fd394c
d1926f17-69d0-da0f-221e-4bff9cd17b49
27360752-6f43-d4fe-983a-dd41987e00fc
dfdfcc61-e3a3-621c-b9d3-bb2c2d2b0d96
a8ae23d5-061f-b344-5080-a0137ed38e8f
dabd628b-9edd-db7d-2dc5-aa16da3f30bf
60b7e942-2717-08c2-00f0-03077975bae0
9f1c0bdc-ccba-8ecc-9dc1-3f20f015f7e1
648cb1ce-e26b-caa6-e6ba-fd4ddef2cef1
11ef0351-8476-62d0-dc3b-0b9914c94eb9
d8d9e1d5-10d5-6776-59c1-dc1cea2ff844
b691943d-0097-2a13-f796-d8734f10cf9e
4de44dd0-59e9-8d13-bfe9-eadc6073597f
f6b7cf9b-3ca7-1535-40b8-81b76aa1f1c8
45254a79-f575-dc93-af73-03e6d3a0c94d
8c517705-1026-2c76-775a-7bbac7f74b7e
c6a4ef82-3456-d0e4-82dd-b6f5023ff7e7
d5e2e2fd-a894-2f21-2701-3a2cb2fd033b
aa26294b-74a8-2ef4-ef85-af14c3f0174e
5a04185b-5566-455c-90cf-df0b37fd559e
4817e0cb-ccb4-78c3-19e5-fa198dd123c9
b9bfa371-d3e5-3fa4-557a-a29b968e0cef
a9d39ce6-a18c-73e8-559c-fc08ccf839c2
b18e814d-21cf-6764-1459-6deb880acb1d
e1e3d2b9-8876-4284-0d56-cc757423d437
683c4f3f-13f6-daca-acd6-9255a53c4c78
878a5895-90cc-2ac3-58d5-b9c8dca97d5e
49d87fe9-b313-4c89-888c-fd6fdc6279c9
a47a190a-9cd5-9f81-de56-07eb2a5e1108
1bb0b4f0-2197-cc04-1c6d-c16933a3142c
17536db1-ad8f-99e9-aabc-5ab1c1156494
164770f7-3c2d-996a-f3c8-e450768e47c8
9541aff4-1afc-3ca4-0f4b-514bcd3211b2
fe82a1a6-c124-8955-e5bb-80396e298e6c
528d99ae-95f1-ef04-4719-94f97840590f
5a98067a-3508-eeff-fde9-7fa52aaa2402
33211619-ac7e-76fb-b5f7-edf6ea4a85e2
1b7d221d-1080-0368-5a74-a819497c26fb
f39885ec-e0c8-2406-c92e-4962d29309d3
574c7bdd-8f63-e31c-096e-af8307cac457
ac96f79e-41f2-e3d7-e558-cd3f4a93f4e1
c699fb91-261e-3cb9-aa65-72fb700ebfbe
83161e18-00e6-7fd7-873d-aa6e015fe87b
e375aa98-2e81-68b8-f30c-57f46ce21101
a8ee2878-20a4-948f-ea7b-f95b91377f85
ca169811-aa90-00b6-d663-db9ac05698ce
5914c60b-99a7-db30-0ac5-724072d37015
c2be0276-bfff-7a6f-70a7-6da90410b1b7
fa392443-2f34-e1bb-0780-b59e169d00af
af6b122e-834f-31a2-698d-d40b4fffad35
a83c2c51-7c47-e9b3-5d9c-8bfba521dd4c
3be7fabe-34ee-19fb-4794-814fb17d1b9b
415d6f9e-f967-6392-b08e-56ec83885b01
ecfba62d-a945-2195-93e7-af1aed62344c
6502e6dc-9d5d-d3b1-7efb-cd76b6163989
50d021db-2385-ff58-ae40-19207a5dd953
98ceed45-34b2-5977-8368-80c7c9ba52ac
f8ef2c4a-7333-74b0-e91c-2a21d2f1d5ae
fd21460b-0812-a635-0360-d1f332fca998
737196e0-1328-6d93-fc80-585f193cb467
92950362-c9da-e2d4-69f9-068ee56b0cd6
37dcd503-424e-1ed4-941a-98fa6584c9eb
44252fd2-b28a-7a5b-5240-2273c6c5f352
11316b36-952a-c8cb-6d04-173b99dfa417
b01b28a9-29d5-3330-e222-2f2d6579e079
7d104f4c-c91f-a507-44d7-334e3cf7a414
fdfb976c-350b-4571-b4c8-476ee83b5586
028c9e76-9177-6d0a-932c-202fa73c4c54
104d9fb0-49e3-4a80-daf4-5db5db395de4
9baee7d9-e8b7-51dc-8fd7-17a30a8506e8
bc6519f3-6543-2786-723e-a4bbe5eaafe1
7f2c2007-33ea-c226-24d9-5a531cd1bb27
f3163b36-f5f8-d661-44fc-2e2df1adcfd3
5f6080f7-5e5f-c4b4-d2df-3f45aed3c621
eb7efc4e-56d8-7560-3a53-757aafc3db0e
bc338f17-4780-58bb-c692-c0b1cf90d58d
5479d4a6-4495-c0b5-849e-e1ceaab925b8
503f26eb-465c-0f4b-bf52-6405a8fe80f3
0efd61c0-131e-de54-264c-92514ce6f313
1d5bc405-f1cf-6710-197b-2c220a815845
43f00435-db24-231a-9ecd-5789fb7e6903
e3527cb7-b8e7-24f1-ff4b-b2dee049533b
bdde35d3-f215-aec1-a07c-22e854bf6a5b
9914743a-f5c7-40db-3b5a-3e71837438c6
ae1af2aa-90db-bddc-9dd7-cde25674578b
f13ea6ae-5e4d-5c04-de6e-6236d954f7e8
a0dbb5aa-d6ee-3b14-d21a-0b513f6f175d
57df64cb-8275-3701-40de-d7441f4b0954
2a5b4d1e-f73d-17ef-7d33-d8e68c339a62
a5538724-5ec7-3053-cd74-1c1837f3181b
3444559c-05c9-6e4e-53a4-e4fb49cad982
c2a4daa0-b8e2-fea8-e5a7-2611e5a9e9f8
b6f596f5-b7cd-467e-2fd5-8b9926fbeda2
a06e1381-a043-03be-8ad6-f3e9db73a0e4
994f80e5-7726-3cd7-540d-ece7939c85d0
90403290-4886-fc03-b73f-1e87be39633e
02ff5990-c885-ee61-5a0c-d5324b1aa6ea
44657be6-b90a-70fd-aee4-6ca472da0af0
8aba63e9-f9df-9ec4-6a20-011718ee64b9
3ba899f9-b6a2-d55b-df28-df57d79b6df1
0984a514-1966-8b35-7699-ed65aa8b40fc
337f0631-e702-995b-5a6d-e405afb2fde5
9240ec89-26f6-6628-ac2e-4561deb0eae6
a6dc116e-7379-e73c-887b-bd2483c0ba63
dc67695a-ed61-7514-c0e0-2b96f6cf9d47
cc8790b0-2ef6-d559-24b0-2e6da835b575
ac00a2de-0bae-a001-4203-8b6f2a1a6f5c
f3f260d8-189a-7538-a7ac-682fd35a8343
d272a9ea-e47c-7682-4b32-cf1e30558e98
3bd60968-b352-ad1a-9079-d43d0e3e461f
aaee6869-59b7-2ed9-32f8-ff47835ffdcc
a2df5164-9923-2e14-14d4-def799062cbf
4b6278be-d81d-e6ed-e7df-094f55355ef0
ab937eb6-b857-16aa-90fa-bac65f5fc2af
8aa10c8e-1b1d-eb6a-b01d-4a3618d0fe84
f1bfc2c2-6aff-b1ea-0fae-da593435cc38
7a075994-e3bb-71bc-afdd-8e153aae0ad6
32b6239d-fa19-306f-d575-b0bf1fb532f8
cf4ba5fd-1c39-3dae-79fb-9723c6faf8fd
38fda9f5-c721-7bb5-b676-6655ccc3188b
d6896d95-e1d0-fc7e-c891-a9d5a30a4ee8
5dd6946f-ae9d-0961-8b15-b21b982cf0dc
c489c4d6-c8c3-a669-fead-c667a56781bb
32d6a5a6-baad-3c5f-5383-355268d328b6
41a31e65-0586-2e4e-190a-7980f09a909a
c83b410f-b4cc-2e6c-bc66-611298ed7494
b48bca4f-2fd2-9422-8b22-5d2e24f28073
5611dcb9-1b99-dbfb-dd40-4ce6b353bda7
81db0255-8849-66bf-9b9b-6dbf0dd7820c
c686f331-2bc2-d474-8abd-5ccd082d2de9
4b732192-6d81-e2df-843d-2a91cb7fd8c8
5a1ca1dd-fc70-802a-fb31-4661c85bae4c
74826123-4ddd-af88-cf4f-b7739d310465
74224d78-cfb5-5027-c6e6-ad90d19271d4
383a1c08-8914-9f33-3b0b-95aa2d9717d5
b5ead503-10be-c5f7-8c24-a07967a7f4ed
37a677db-6008-8245-31fe-a0a95df4f739
4021aab9-9979-84e3-755b-c5d735fd7272
4fc54833-c444-d24e-9eac-f0038c6bb5ae
1b575dd3-dd4e-95ea-967e-21b27ce0c1b5
5a0c85a9-1a78-9049-65c5-737c9c1a2071
9c8930a1-99fe-2f46-a034-96aac5946e64
f2908980-a160-d086-fdb6-a42c42ec9dea
a3b51f6d-2c51-fb71-31da-aab2cee5c4c5
cdcdd13c-f46c-fce0-60cc-8c92a3896b23
4743967d-5a11-02b8-0ca5-3dc845083ca8
ff1417eb-22db-5578-dd7c-1b84ca1efc16
236e8ff5-b6c3-677d-38bd-fa9c5c358174
d54240bd-23b9-294b-63f3-e6fdcfa6512e
b962a5d6-a30f-12ef-fd07-189585829882
0ed576b5-d104-02ab-5637-6c0cec9696cb
b965e101-9518-5e9e-3281-bad35cfb5ffb
8945411e-e8c6-3bb3-a985-6d62837eeb96
ddd7a21d-bb5f-f076-1d9b-88784ebb70ab
b2d35c79-a1ca-3b45-5b3d-255d2daeefa6
8f11f6e3-03b7-9355-5ad0-55dac169f804
14cb4b56-c4c5-ceed-08ed-194747824368
22b356ea-bafa-d9c5-ab66-7867a52fa36f
934b0681-fa18-ac04-2cf9-ac08b086cd1e
fcc72a8d-7110-a730-3dcf-5fb63b99eda6
9f10739e-58f6-f110-8e0e-4a6d40670856
9f53970f-607e-0aa8-7e46-6323b7ca00d9
30f45aeb-7a62-8f34-d364-bcac193a0c0d
93ec2fd0-c503-a476-8a3d-c36705fadd62
934e9d68-1006-5d18-b93a-8b92791b5906
f9f85921-5e2d-e22f-9215-f29ca45118e0
6a02d7bf-f25c-2b31-a100-c3795ffe4488
157578f9-7862-471a-490c-b232c312e3b8
7f7f87b6-c4cb-f2a6-bbb6-cd22fdeb346d
b5788753-62dc-d5bf-9a2b-e91861f31c26
002108df-d500-2335-8a60-8cf6468a4d41
0e33c8b0-8c4d-5cd0-e6e1-e7b8bf49dd60
aa221288-0aad-a980-0f22-f94a55158209
3039b957-e07b-6f7d-fb9c-d888fae8a232
147cda9f-04bf-e14e-8be9-b16817aa78cc
6adf5c1d-740e-ab20-ecf1-d6cc24b3c616
ef591223-fd21-fc1a-968b-4eba4468e80e
4b7d2882-44a5-ffb5-70a3-4acd16d60158
b17238c1-7453-84aa-61a0-29ba97af194b
3869cc03-d166-b351-b955-e40a2dbb9597
283ba5bd-87db-2108-81f4-11f243332a9d
517aa82e-c775-e487-e1fa-16389af51dc7
b6705c43-1adb-a87b-dfee-1bd6fe765026
c262d087-2391-3353-628d-0148ab31454b
a18a63d8-02bf-f653-fa84-467c5f6f287b
08f1f1d4-9344-52bf-5852-348300f26e44
d3fc08fd-0b12-a10d-41f9-0aa418f540ef
f2392373-582e-9ca4-ec3f-e7aa1839cf82
0fda97b2-eaeb-6106-8350-bf7bec5b0003
3455586e-ec5b-359f-3aa1-c7cbccf9e124
da723729-5356-7a97-96bf-65d22b3851b8
3c274f60-d3ec-bc3d-f488-0ad3b2eb182c
ede4f479-06e4-ba91-b13b-9f2f439ea69b
4bc84c45-b496-c241-52c5-1082a7a49f53
75bfde24-c44f-6f04-e5ab-2c6af529e7fa
6e1389cc-ea5f-5a46-4b2b-e9dd493e8750
780667a9-9b54-bc29-6dd0-b8a900a600ec
6e69f86c-c79c-4118-d6d5-a177c9b12eb5
a9baf324-2590-eaf6-c52a-c257077f44d4
512475a2-5ea1-e9d1-e33b-fd66a4fbf700
7bfcafca-2627-94f5-7243-800b61450246
408ef665-c6c3-e6a7-3b8d-1206dae8cd53
ee8fc3b0-eb3c-04f6-a260-278e8b1e66e0
2dbc0a91-ab31-eed3-5221-7c9ab48bbe20
e53e66f1-5bff-0b92-057a-ea4eb3d7331e
827c11ed-3e39-50ff-1b34-4f7af61f44ec
04a5fe5e-5877-d49e-b735-a63019ee90f1
2202a352-b86b-9985-f41a-f2381c7bfe4b
4dd21ffd-dabc-5791-fb85-4c9f667453cd
73ac9dd8-7e82-d169-2c0a-252247d3e74b
c22dc3c5-5e38-79fa-4a84-b6d870fcc7be
a682624b-a3e5-2353-2536-9155c286ff6c
16f11767-069f-a199-870d-62e22e1deda4
9d96b770-64d8-66e6-479f-ddbbced6e750
c6be167e-4498-1b43-e04e-b79faf0f476e
40219120-02ca-17aa-186e-47370b97c690
21464cd0-eb54-d53b-e2dc-ce187fa83a5d
53f70ac6-f3b5-1eb3-4c40-17dc0a838702
5b43f60f-d17d-22b8-78f3-5f69f092b27f
3325b506-6fe7-236f-b758-d6b1aa5a548b
ddd58a96-6709-e2c9-aefe-51e4900f6184
2dfd64b2-61ab-fa09-7fec-1198771f7070
58659f92-067d-3b82-789b-f11f42c3129f
88461b77-3c26-7068-bdf0-557578684549
b6fb3ec4-13e9-4f5a-9302-0ee8d5537f63
db511bce-cde5-69d2-7b28-bc3ebff337a1
7f5014a1-6bca-1caa-a9d7-04c7f9c2a634
e89cf692-9add-fe91-692d-1a4dc0130c72
a2ae4965-09df-d996-72ec-2d66592268ed
1c9a5f18-bb94-4252-b56c-4e12b4dc9d80
22489bd6-a68c-3bd1-bcfa-4d5f8e9255d5
cf98e0b6-fdf5-61fd-3b43-5d53329f1609
61404db5-3851-4ea7-557e-f8fb79217dec
669413a1-7ba4-3006-8b2d-f2fe8d15464d
604df44f-abd3-2f07-1f67-89cfb34d77fa
a15aece9-dc8a-4c87-48bc-eb30116637ff
0a797258-52e4-a218-9816-df613aa2f18f
b487294f-9ad3-e3e1-7a0b-7fa21d00f754
1deae04f-8c56-18e3-5618-e2be6faca36e
ac680885-f5bd-abe1-a116-c34766eecf4c
16610a5f-901a-9ae4-53ad-f3dbc7c9da4e
3e117973-e001-f08b-80ca-8fa1958f3cec
78f6f366-bc87-2100-d008-a29ca514d732
2cf4c414-f731-7caf-a033-fe0278a68846
ab1b4108-8be0-9902-17c1-a40a81fd6b17
99b59c0a-5d94-d286-a6a3-baa4781d693d
f9ebc745-fd9e-e792-aedb-bbd50fecfaca
29297a72-c71a-2bc1-a381-b9a8acb1af2a
7e351c30-393f-6876-3637-6cf8c179f305
591c7424-4057-5b6f-8764-11127bfe379a
8301604f-3056-1690-aea5-8ac4865e92bb
b1ecf6aa-0828-c9bc-0357-b3755fb9fa84
b96cb344-d500-3941-15de-da1acb5a8637
0b39d258-d3be-bdfa-1927-1f11f8ac2d2b
4cea07ba-3fcb-7a2b-938a-6fe5759db31f
0b9bf4da-6676-de4e-4b82-454ee893bbce
9b1c59af-79d9-68ab-40e2-b1d56b0d95a6
29b96ff0-022e-3dee-5a91-0448ad562ff8
46b32946-4f39-6701-055d-b971b357b98f
24e75e50-54a8-223c-7e5b-5dc01b13f8ae
f6dc298d-cfbe-275c-2255-e786ade42868
852ffefc-d001-58c3-ac33-98e8e776cabe
8e2b202e-f14e-c706-d97e-15f2f9e11e09
4a64e614-62fb-26c9-edc3-91e0cf779882
dd5c066a-cc82-e8db-dca7-fae5b665e274
ee28a7df-65d6-e396-85dc-d4fe7aec4520
48fdc254-2422-0b82-d91c-97cf7b3261e9
cba6523d-f8c6-f053-56d0-fed272e0dd94
c4a16eba-bd45-074f-cc05-538dac85508f
eebbdb7d-9a86-556a-742a-5944637c62b2
2621f8ce-791e-56aa-c12b-9a908493d89b
d0cfe3b9-6567-a517-4308-90563c9fe08e
9b1d8cb9-3bdd-27da-76b9-f88355a64085
97049b2a-3f67-863d-95c1-2a9ffd3269f8
83ace85b-c968-abe9-7348-06f251364ad9
205d131d-b7d5-1c30-2535-dbbdec0b04fb
5d01b679-d048-6ed7-9d02-bc3c3a63ab70
6d6d24cb-a983-de03-3b4c-2675d2d8fc34
df59a66c-55e8-4a8c-5fde-4ea1d508167e
0040ba02-413c-6389-8d3a-23d305967d41
dd8b195e-a08b-d3ed-1898-f8f31dd3f0a6
115ea3a8-9f71-f16b-4463-6e5bdeb74928
dad466ef-f203-680e-74c3-ca1a41ee0ae9
dd5aeebd-ffd0-fead-8b17-fbceb7714ada
f7330969-b491-8c0a-8d7d-583373d88cb7
40ff7cdf-dd17-9a86-cd9d-2e24b52c0fd6
c5b622c4-9507-fc99-af3a-712ccaf549cb
128ef882-2b2c-712a-b4ed-c0a6c29a48e7
a4271967-5798-b738-c4cb-68b190a709f8
8f171144-9d37-e2cc-9c9c-0e2697ce32c0
e448cf54-72b4-7432-84c3-638b063d3887
34ebcb61-ee09-2096-ab6c-154e549916a7
b2f1c6dd-cad9-4e99-590f-7d897137d3b2
d64cc8fb-e5e3-9516-a47d-f87793b5944f
d4a4d463-eab0-11df-c748-ecee2336aac4
d26ac9a8-ebcf-4469-4bf9-2c407df958f1
2eda7db2-2eaf-50b1-53ae-7046d4204f17
50eee38b-76fd-e8cc-5754-d9037eab0b7d
e676ec5f-0e44-83c2-07d7-6f86208a78d6
8dd57762-efd2-cfe7-9433-9a86a81b7260
baf55c51-b6f7-5b16-d21b-14bcacb273f5
e0a98dd1-1d96-d376-8fb0-29bc255d05c8
7f02c844-5ff0-26ba-57c3-d7f0477e28dc
a8965fff-21aa-bf51-e9ee-77a8fe80ac31
d5d83eae-e83c-b474-7456-7085cf7e8a4a
bf1a977e-ad98-618c-3cf7-c2f115ce7a9e
7d8a02cb-3664-a4fb-b380-626f5d37bbc6
88fd50f8-b307-da91-5b61-85d2ca00928e
2c88fb3d-bc0e-411d-6a5d-ef6c678dcbc0
ce591cb7-8e4c-e27c-e853-647876fbc417
1fd98414-d143-2dbc-8ea0-48af2fc1024b
13da5e12-8ad9-19e3-a62a-c2dba0c605ef
62fbd32a-a39c-cd75-7bb5-5b58557d19fc
bb891a6e-a795-80a6-289c-a40c2d1757fe
08df9fb7-e8f2-c517-6815-06d170d8bbb4
7b98b644-908a-becf-b0e9-5483c3306f7a
915536b1-6d5a-90ab-7145-eb31b458ede1
afda7158-7c2b-f8d0-8d8f-24ed385bc237
3ad4c038-0347-cbb8-8c23-f0e167a334b2
87622e41-45d7-cba3-3622-89d69233f9c3
0878c650-d818-5817-f30d-f53eba6529c0
0a424c64-276e-113e-4af8-ee3eb07c621c
f03ec5b5-1b83-8d37-f70b-574f35998784
03181384-b7b3-9d81-838d-52bf2c3004f3
cf6e49fd-1885-d630-f214-5d8c81b8dcf2
52a86c59-303a-e5f8-064f-84210cda184d
c0c3fd36-1b3a-841a-ec60-8080c3cf3c26
318219a1-7e95-f7e7-607f-70dcc4e9d36c
68ec858c-a6b3-9094-423c-97732f6771b0
8a7eec5f-cdc9-8ca8-41a9-84c8dafe3b93
7f230ecc-9a80-9d63-c1d4-3da2bd7c8978
dcb89f0d-31e3-f827-ffd9-3da64f67fdb7
ecd4dfcd-9d21-bc87-978a-d3e37484fa6a
9b5b6c41-195c-401f-4064-939b9bf00c7b
66e760cf-3e76-f9fd-181d-f7c2754daa0f
b751560f-52c3-d407-49ed-74897fa533ca
1828640a-30cb-08d1-67f8-51fefb05b38b
d71c55be-00e3-e54a-f75a-1ba297dbccb6
4e1f1efc-ba7d-92a9-855b-28029e191236
313f5f10-6e12-4db1-7721-667b3b14d65c
a6ad9522-31aa-db22-c550-c15601fdbae1
7c11a7f1-6f2c-9b75-d53c-064aade5ceab
efd8c345-de62-a23e-40e0-a5ef7c3a9d5c
b4a63d41-f8b6-28f6-e0f2-f34572f357de
d737e2e2-e591-06bc-edbd-d6ace16b154d
ba51cf91-55e1-b53f-d297-149f5c8a7a35
728d1956-b1a8-f209-87d8-df46589bc0bc
0bfb0d44-2aaa-ae57-0a02-d93b92dd89e0
91540ea5-62df-cd99-7dd2-39d6b229f5ce
5933be09-1ea8-675c-bc36-79e25b5fb772
fccdcbba-1faa-a893-edce-ac827a6d5f30
ac94733b-83ad-891e-9fa6-8b974b6c1235
77ae42bf-6201-9256-9963-dba5f16571b4
540c2d43-e0dd-65c4-d28d-08f86f34c7a1
c95c48dd-b64a-4917-4fad-ba2796161ad9
94043b87-aaa6-f811-7097-f91951be26a3
7ef1a65c-76a7-5cf0-16eb-7f79d243a1be
0e232485-828e-0b9c-dd16-ca2b90b05738
bcaf2ba9-1654-cccf-ab66-2e0d217fba44
ede852db-6295-d986-8e20-6b0d15025fdc
e4ee374d-b079-260a-5763-c68a7ee5434d
9a7e25c2-9186-b373-d0ef-ae69cc8c62bb
04363f7f-6d4a-e0d9-5109-7e85d1b8828a
b5e8395d-0bd7-61b9-fe61-2895c1d5d89a
0f267ff9-2285-8708-a7fc-962fc29675d2
534741cc-7a35-5356-024a-a222dea6a478
debc8159-0cbb-ed79-7f63-12b58fb251ca
1e8eb292-9290-13f3-f267-9395666fcb0c
24adb189-5d5d-fa2a-817c-dc2b3fe3ebe7
12eb7b3a-c184-293a-9df9-a87e40249fc1
ea8a6529-144d-c337-0d73-170ae58b8990
60fcb1ba-914f-14a4-da28-8367a7df8dce
9bb04bf7-cd42-3436-2139-a281319bc784
51152672-b336-31ea-60c0-a7f8d323cdea
17b50168-02a8-b3e1-66d5-681f12ba8e72
556b9038-987c-9562-ea7a-ef40eba3af8c
d960a856-71fe-bac0-5f0f-f5b846db3907
35c4ca90-0192-b9a4-0964-98ab705bc239
514e811b-5518-63e1-cd52-5edf81c26592
9c1f5acd-ca0b-a823-05fe-de142b7a2682
63aab18e-1fd9-4a6e-6b00-9039c18ed390
45ba1653-e18d-e0d1-b325-a499a97dfa74
b5410cfd-9ae1-8304-9cee-bbfb1174565d
27c6e3a7-d6d5-fdf7-bc03-3847ab825088
bb42f24f-3ff3-2314-3217-03969b667eab
246d7b3d-29fb-bd7b-500f-e085c822791a
3cf91906-7ca3-8a27-0e06-235b12eb44bc
3e7c6b2e-885c-1d31-75cb-7cb385436cd4
a5e1e779-e7b2-402d-411f-1248b2a872aa
393ddcbc-d27e-80fe-1510-2d422bbe12de
a5392bf7-d632-e3f3-1e76-868100bc9f54
65872f50-46d9-7a90-3520-440c2177f1a0
8f6b0cb8-6b50-a5a9-0416-57c70986db89
d5d60979-1830-7aad-5e3a-5d609c5c95d6
ea82847a-2263-ca97-3738-c18f2ee542ca
bb2a3c92-a89c-2469-9782-1c93ff68cdd0
238f2ac6-326e-803f-b3c5-b255e6110c1f
9b6058a8-fefa-09c7-146f-7d80e8b7a95c
bd05da3a-695f-1e0c-5cc3-1fffc2f2f1c2
c4a2368e-b203-7921-10bd-121786374bd1
a28853a2-a6c5-195c-cb11-46cd89bec814
8836bf58-8f16-4fa3-58c9-2cb435aa6de8
ff431164-fcb4-3eda-d72c-49bdcce4415f
a1544404-4fb0-3f7d-3d87-4631bdc92f5d
95cbaeaa-20e9-21ef-dd0b-d0c1ab4825b8
ca7c7c4a-4cff-c81d-b5a6-b6d9cd680610
4c032559-7971-4926-8bf4-2c9d604f0ea1
7b049310-f924-8af7-8746-39e07acf226c
526b247b-cb9f-0cc7-cd76-104f62ea9ef3
5ecdd1f6-adea-6c86-7024-4f32e6344ce7
56b1c549-1a79-630c-97d7-00e51ddcdfde
ec04d345-0aeb-1890-a8d8-8567dd37fdc1
e781f2da-c122-916f-f1a1-d98a6b9c7b98
e54a91fd-1e81-115b-5b24-78d502a99c1b
87a6ea77-07d0-21c5-4e40-1cef0b7b408b
95b11d4a-8831-5323-a5c3-ef0f50c59f03
073e428d-8c20-d65a-1f58-927585772f66
d403be4c-feb6-a3e2-3a34-2b031cb72c42
bf19e070-e079-bbd2-0b75-2016e02ac9c3
d0e0698c-2478-ddb6-ff17-a8f53f7ebfe4
f6b472fe-dee9-5104-a749-d02d58116f1f
12ba1e3e-ecb8-1e16-661e-319582d4470d
4f48ed4a-f4f8-dee2-9e6c-4a7dc8cb1cad
6ab55442-7775-2256-fd36-51cb0f7278e9
2bc2b4ab-f555-90c9-9399-7c2284fb36f2
ff4dcf44-8ec6-1467-b7e4-64863246602e
0cfb2ab8-574d-7676-b197-fa177cc9382a
a160a717-5dff-2c40-45b7-32b48b3cee9c
5bc65d87-97bf-addc-461a-54120dec83d3
f601597d-52a2-1291-d6c7-9bb979ccf9bc
b6d06b3e-bb1f-4f57-1329-d41559a38aa4
8d0ba087-21d3-ba55-9a7c-ffbc897af62e
af77b395-39f3-4e64-59de-389f57a75649
5d14b7ec-ada5-443e-cf66-e06cac83012f
58881d1e-919f-5efa-7a67-1b653ab4e08f
966cd994-651a-7f4a-4a2a-2e71e014956d
91d15c7a-310d-e27c-f29f-8bd84c9c07b7
33ad0f48-912d-c7ba-a0bf-38b2c334f024
ab99f367-1bbd-90bf-f265-385904ddacda
9201d0c2-e89e-b529-66bb-22d2f21ab2d7
c8d191ff-a79a-8fc5-5003-55b01e0f919b
d3a95f2b-bbed-bf3b-abd6-42c75f4ade8a
db7ed89a-b0dc-22ed-1822-f05a9c7d6fed
fb36dd99-b364-c4c7-0bc2-4f4a6734393a
1687704d-ed02-ea64-141f-e1ba2d8cd774
344723f7-7f31-dc6c-282d-a764b4540891
5d89b082-612b-fda5-c5f7-2983977b4a58
a0345b17-2478-1997-5401-c8de8936329b
d4e18625-c0a7-3b31-f2ea-06427bfbdc8e
74574d5c-a707-8cfc-3411-8e719fc64e39
9c7f1c7e-c4c3-a2e9-8379-eba01f8056b5
6f4dad0a-60c1-a0f5-893d-67e3c7fcf1f0
2d389dfe-efd9-8dc6-0c78-597c03fd53f8
5d7e8afe-cb38-21b5-90d6-4c7188d78554
24edac60-ad86-77d3-095d-03359ac58fdf
767f4ae0-eef9-eb70-6a77-76fcde635bfa
6feb7d58-829f-34c3-6669-2cb01f29b117
6135a865-52c8-0503-a015-c04c8e73ae21
9a6fb128-0e51-4dcb-038e-0d89855c77ea
6d790b98-e6e0-2979-0937-a14191365f04
81d5e92a-4a74-a2c5-edb3-accacf290fd0
7348699b-cf55-097b-90f6-70d076f32ebe
38f18a89-b582-8842-1fa8-fd5d5498c49a
be949ebc-68ba-74c6-91fc-d75e379af41b
bac019f1-a495-5c3d-91a8-7850c06fe74e
cb5bf456-4d66-ef94-f7ef-c2051ff5a04d
43714fd8-6927-62b5-7bac-0fc38b09686b
3df12eb8-73cb-49af-1cea-48307ba0a5f2
c3082538-9a3a-a0a4-9a9b-a70a502c3868
e7d079d8-ee60-edb8-c52d-a4d059913222
f3122adf-3527-60a5-a39a-3972522e4a0f
7d534a8b-2821-c657-4847-62114cecc623
dfc5e9bf-41f9-4a2a-fddb-e5b12e1b9870
a7cd5726-6e77-86f0-9109-3c6c21ffb91c
3c3ab90f-2078-4b0e-8bfd-06d2adfc780b
c20ebc3c-4a7a-004d-6a8b-b3d5ed223af9
f1c3e0a2-9371-9279-c980-68dad7c629e7
775de18f-2a3b-aa4e-eefd-da8e7f28a53e
348375b6-dc0f-92e7-fde9-d95efb2d35d5
c286e723-94fa-ee59-5ad5-697813234efe
0140b57b-8cd7-fe9b-66e3-9ae6b9060703
4b6279af-ae2d-be40-fb7b-df44168cbc2f
e8335f1f-a31c-c3e4-a109-b6063c635054
fe316442-b125-5f44-ff57-27571da54eb6
4f9f740b-6066-6a28-e5a9-500cec1e18c2
38599cdf-a239-a5a0-7113-ef65224df77e
47eac10b-17ee-4534-96dc-f3fb338fd841
2c5c5293-fc1d-b584-edd2-1d1c9f715fb2
83130672-779c-9636-8fef-77738d339bbf
46f4bebc-61ea-d476-8d65-14b12dcd8458
bc024296-79a6-fbf0-c20e-6b769c828240
d00cda0a-60cb-6d12-5860-7180aa75eb94
6dd64afd-d2e2-f2e2-22cb-ec1d7c845a80
b2848fea-ba04-d478-eb74-d06a910dcb7c
95a72c34-d192-a1ed-2500-a2e11b7ee2aa
6ce4d396-ba9f-dea2-c076-7a9331fd657e
52cfeb8f-8563-7a23-7859-f4f82bcb6f45
7fea6550-1ea5-6e12-c3ca-7903ec362825
0c08ee48-eca3-94b8-68e9-c965517551ac
fe5ce5ec-9723-8609-ce89-23b2a61c084b
bd77bb99-c097-c0d4-215e-72f1ba403fa8
b91caf1b-5bc2-7246-78b6-15bac216a2bb
c8b17621-d4d4-1c1b-e125-3f5baf66ea9a
a004a807-1d4b-d543-5900-59fc3c7c05de
12b9289f-13f5-a16a-a3a2-d16802a6d90e
abe7ecb5-def7-9538-7509-68086c0817ad
9205fb56-2a19-391b-ec92-0424f3f00163
cd5251d4-7f61-9299-09fa-9715b0d6ff3d
6da235d9-472b-642c-a675-3195120d4f88
fa7de56c-7e38-bd64-452d-f06643a9fcf0
60fd69af-a66e-1b26-f74f-5d61034ab448
eb8b1c39-181e-65c0-07cf-0f0c83c1ae01
a617cdbd-713c-7cf4-6ad5-fc460a143cc7
6e39b65e-16a6-6de6-f4bd-86f56304a021
17356d3e-1627-aeaa-49a1-b9cfbf7aae13
4e39861d-2a9d-9c21-a66a-7de454a19dfa
650677ba-3575-6f56-d1b8-46fc4e3e2a0b
3796e732-fe06-8ff0-afde-61a1ddceb1a7
858430d7-b8d7-131c-e296-d7714e1a54e7
a9e4760e-8218-a41b-8922-be89ba637c97
11f111e0-937b-4bbd-026a-637bd0a8da37
35640705-cb14-617a-e596-6f769593eecb
f0edc1ba-a482-6c20-e9b7-b99b77fe48a7
a9f3ebb5-4697-011f-edd0-b9c05fc9cae5
064761cd-5678-0b43-842c-b8f8ccfa9b66
bcbfb93a-d873-733f-873e-130f3b035175
7d8c7c53-2b7e-0fef-b2d1-d34b7c56c2ec
3bd7638e-f019-d357-c487-2aa70bb8fc87
7a41a7dd-3fe6-920c-3177-9fc57cc6a8ca
a5c4b030-d36a-f581-abc7-20faadd6f7cd
90042b0b-ef80-7e53-8269-f0a7532e3920
b6ffbd70-6520-e606-11db-3db13cd4aed2
c6ea1733-4c72-04a9-3f56-60a6d101bda8
4f3e9ad6-2f5c-6d62-91b0-ff76d90fb8ef
af9fb8d8-11e4-7492-bc87-dac84a7449b6
811a3574-6c55-7733-a259-756e5ce00b93
ad6d1687-8b1e-6def-6d93-5e8c77ed6917
38b826dd-3cae-d9a0-861c-dc4353511d0c
42bf8629-e60e-9efa-03d9-51062f10a4f2
f568e59b-53f5-25f4-1b02-c3c2cbf34c1f
225dbb4e-25f9-5a6e-48c1-05c6cdb2f9da
76ed599a-3165-a16f-6654-969e4a0b3d34
d720f562-41f0-d499-9df8-00d76fa802de
75b94f56-0140-a89e-8df1-35f5a567c707
074d32b7-3324-279a-adb3-0bdf581b9f4c
e77a40b5-6b0b-74eb-007a-f4578282d496
cc04ae69-41c7-ca7c-3f72-fe42a9b8f654
9498f5b6-6b27-32d9-559e-46042656be47
2d1fff3a-b897-b742-b099-e98c4e24beeb
3124338d-df82-9ac2-f3c4-022f357319ff
d77e0555-87d2-1203-9909-05f6298e16d6
4765a374-99f9-7f65-286e-b8f956157e74
c9d4ecc1-f65e-9c42-3b3a-00abd837c2e3
645d856b-e8c5-c243-067c-c196f5f0d4d1
8f547c1d-fb9e-d703-4935-2684f24fa8ae
53cd3df9-3e5d-a364-25e3-557d12e9cf51
65149ea9-9bd0-620a-f8f3-4810bd60f6d6
d561f212-5238-abd8-abb7-f30d391cec6b
cc776e01-f036-b55e-5e28-b33206b0b046
22ac9f9f-04db-392a-0022-e074306554e4
3c7671f9-5340-b2cf-ee5e-0def6275397c
aa827f21-2ef8-d092-a8a7-0f79eb28b232
f2fcb2d5-7eef-d56c-9ab4-92e2ed7ee90d
e4dcb758-4f3d-7db0-2b10-7bb5b8babf9b
6b08a0d1-533f-db6d-0517-8c7e093130eb
a0f18d45-0d5e-e321-517b-9f9dcb322d73
6bb3f30d-5fa5-0654-04cc-9cc3b476e4be
37910568-dab4-12fd-3ce4-368c8396bd94
e7c108d2-b6f3-f0c1-c731-c4b00b9c3b90
bd7e0856-2e02-6878-e704-bedeaa54b9b4
a60cf19b-72e0-0d73-0e31-16b947c3de4d
5a3a62d9-3783-5ef7-07f2-73063445e05e
6ebb68d2-bb28-48fe-75cf-028ff5954e7e
5a2c55a0-9fe6-2a3c-8d88-741f72007490
00772060-75e7-23b3-003b-678e97107d1f
17a25025-4b76-3f43-5c2f-7212332a5d2c
34268b29-6da4-52c3-dc25-9a6c08415f3f
8fa5edd5-d837-8bed-1d99-1fbba5b462e3
d01926d5-c889-abf2-02a5-db63ecb77bfb
da153502-2297-5ab9-1dab-fd12d04869d9
9523ccb6-1f65-29d0-c2fb-fdacf57af64d
33f5d705-169d-5381-3a16-22c678b76248
4a259d83-1c69-39b9-2a5d-5f6151fd9435
9f72aac0-0a64-6f96-1e4d-f11c2ada8e30
46e94b2f-e77d-1bf2-7db7-006e69fe5a96
089a26c5-6761-1508-f0e3-51ebd81727d0
c0b5417f-0987-045a-a85d-4a93a0951608
fdcd0ced-1c70-cfe9-4091-972369454abd
07658e86-75d3-6f54-9572-a48bcf79c42b
d21ebf89-0267-6da4-5dcf-5cc67556471e
785445c8-c1a4-9849-71ac-a67b9d8c554b
01917f36-54e7-9d73-33a7-8879a9779b73
8d438bc5-9e1a-cf45-9285-79a4d4583060
a610303e-9905-46c7-c8e6-bec0d11874b9
d5616a4a-8170-0307-f77a-81450b32c887
a69e2afe-ee7d-61f9-3a7c-dcb5dd3f8c37
20c94f4a-6294-9741-466e-028213faca0a
7f782632-db4f-5cb6-c6a1-e7422a8f1c37
afb89907-91c6-e69b-cb8a-179553641655
0042d68a-ae7e-9e53-2eeb-30616ffae273
2ddca746-2a36-e616-ca54-666896ab8f1e
455dd52e-8b19-d6fa-550a-84410b90b473
f4acc279-3129-74d6-79a0-40b1bbfd104b
b8bf0178-3ab3-206b-6082-9a10759087db
a7a11b63-bb70-0dd1-5fa5-7d4c84827997
758ac6a9-6cfe-bd50-96fa-46bff8a4839a
fed7fd21-de40-da0e-0b64-b95b21367ee2
59e8944b-a982-2bad-d47b-0615794495f1
9901d73f-f45b-f3bd-350e-bbc1496676ae
3cc397b1-6b1f-a91f-cc4f-61ae48388009
6666f398-21c9-0a0d-1a8c-b71d3f61ad14
265a044b-3043-c4a3-7923-732dea5de1aa
644b2126-f3eb-30cc-3714-41b38e39e98b
e831cb0a-b2d7-f198-3bf7-a474d069d6a8
49c9277f-9a99-2370-ae44-073afeaad6e7
acd7dbdc-68f3-b52a-680e-baed9c85e04b
aa8a3b01-01f1-470a-eac2-c808eb4d39a7
43caf05c-ebd8-117d-903b-c47d8ea5795b
03bed253-3a01-0d3c-d1b6-e332039f5ead
afbf7ee4-132b-ab49-6bc9-31914cbc4b5e
2179107b-b901-1ae4-9979-f650c759bca9
d56e9c11-9076-b722-a969-2e6d366c2fe3
aaa570b2-f251-1f3e-8768-ec56aa13b881
e4230d19-1c78-44b8-0962-5161e9d92b57
d66f3c19-577c-cfef-a3f0-25cfe7d6b690
0bcbefd9-7ce9-de9f-468b-ab6320664fc9
fc4c6f78-8888-073f-dc5c-ad6a4076108b
8f858963-7bc4-1237-5975-43e60c7dfcaa
87d7c446-06d2-785d-8423-ac0448518f86
ec14b9f4-e5f5-28ec-83ea-898ac870f988
9d0d9386-281c-3872-fce3-b2233fe266c6
79a3ea41-9c33-03fd-4d87-2070c171e394
d5759ccf-e06a-a783-ac4c-dfbf7ab48ecb
a94283ea-08aa-f485-e0ed-808cdaea43f7
9e33e375-be4a-a07e-50a4-7884aeecbbbc
ba544a10-a532-7489-9705-15fbfb6b9a30
ae0638ea-88c1-96f7-bc98-f6857d827e2a
5e99563a-7715-444c-1e5f-e44b9ddc99dd
cedca7cd-acba-8f2c-e36b-9c9d609fead8
3bd29a1e-9a38-0748-c4b0-0b9e496d6a1f
c1e82c1e-4d40-b641-c2a0-117c64eaedbb
c95dfbb9-85b5-9746-ebed-193ffc7c2d49
dfefb5ab-7ad0-0e9f-716e-2a25b494bbbd
7e32499b-b8fe-7337-8dc9-3ece59b57861
3c6190ea-4fff-c5af-8b22-b3a9de96b069
47194a19-bbf6-b2c1-cbb0-f05b87249402
044b2446-7131-bc67-f9b8-7838241761a5
9ebd9e68-12e6-36fa-1ac7-663b9b2c4d68
3305d024-e229-d72c-04f0-b07019e08c0a
eb74b3f6-b0ef-2f7d-008c-82d149311e1c
02a3df6c-46e9-6159-834e-46f3994f0120
23f59288-965c-bccd-0fc4-9dc72341d818
a256400b-acbd-ec64-16d4-c73929c9e77c
4b40ea51-ad99-0e17-7eb9-e44230179436
eff48295-fd82-029e-7f84-eb195c9b18bd
d56c3838-3c8b-68c2-c894-7f5c452898ad
4c9e05e4-b4fd-f144-200c-41290989f836
0c133ddf-ed18-4d05-42e1-9b325c2896c1
29766481-d6d0-a200-51ee-bf0e609552e1
20575bda-44bb-ac8f-a6a0-fcdbbc6bd49b
9f244421-9c2e-c168-b1f5-3a3d58dbc9c9
e97b97d0-e0d7-519a-f387-9b7daba82cd6
c5149fb6-cf20-6555-2c40-1e4de8b2e6be
c2bbb036-64f0-adb2-3f92-e2c32a0a6b7f
ad295a4d-d1a9-459a-bf18-24200b65a719
4dd0863e-2a18-9580-104d-d8850e7ff375
cdf6446f-544c-d620-be49-f58f15e058c0
70e30991-353b-d9ca-ff53-cc9133c5531b
0f589dbd-0b48-96c5-a1a8-cb14a1989e62
176f82af-c1ad-4b0d-ef82-034929a5619d
33929935-e838-bc23-c8e3-82f4627cb153
72d1c940-1e15-9df6-8a1d-f60ddc9e3957
148ca53a-5be7-549b-c154-48c16975f388
6f0abbac-4457-d173-0428-b2971063448a
8a35d558-cfdb-8424-960e-82fa4a18dd86
0d6a6e6a-aeda-28c7-cf35-6eacf73c4234
1e26f15d-30c5-69a3-4369-c82c37f9e49f
5dd82aec-ff2d-b78b-da1d-8658a97615cd
6dfce140-9246-9c73-bdb1-c5381334fe7a
93543687-1aad-8fca-42e9-de8ceccb167e
a8fb4dd5-00c6-6d7e-7519-30659186f4a9
b01cfc79-2bed-d81b-5405-7f9dff4c1242
189edbe1-56ed-614f-64ba-5c3c60405f46
7220dfe3-d5b1-e88e-8286-6690a2d93b62
35632e6e-dc76-448a-9896-6bc690318f87
ffd3081a-1415-ae38-b726-d7ddc22d23cc
cf5cc7b5-9d78-6ee2-51c7-7bce9ed119cc
31d7b650-c639-38ba-0a8f-7e8f13e224a6
762734b2-d8de-ecfd-36e2-b96d1b81efd7
25984081-cc59-a16d-e406-4cd70fb09ab9
051de354-1fac-6825-17ac-720c64bf9b8d
4aa18328-50c8-5102-05f8-bac058ceba05
f734ab56-28b7-ce3e-976b-c7b81e367f0e
dabf119b-9ca2-e7d5-f338-6002c5b81075
7645bd14-3603-0444-b444-b87b5bd32df8
48cd3b51-70e6-9c63-4829-561ef5403390
2cccd823-05c1-2c2e-c30a-04bb7e978fa3
f01fb95e-f111-cc18-20e8-ddaca4761ed6
22eb618d-370e-1b81-fccf-e65c70f3145b
396e2d94-9dcf-1afe-6eaf-7df04fc979db
cce8b4b0-f5ad-a892-f3b2-74249518c319
6aa68cac-48c0-a1e0-d52a-4a8117681406
0db8d419-bb3b-beaf-0526-098e54999b59
b89d2eb3-2d9d-9750-0d77-a9a2eb4ac63b
05387a8d-d5a6-8356-483e-1c706abad103
a18bd849-a42a-07cc-6802-f4dcdf9b7cf1
993427a0-7c21-c55e-68d8-f694ed73d739
c73595aa-3b05-28e2-cb94-28b0c6c29339
f91c5440-b295-f91c-27ad-29034cac2bde
9a48ac8a-c0ce-7f92-d69c-28d3b20b1379
d566377c-710d-be91-7a44-be37323ccd6c
a7585a6d-1803-e6b6-f3bb-1c0facd11235
cdad00fd-2ef1-0bfb-4b02-1ea314173258
647a06db-fff7-b7a5-472c-a530b908f416
497dd172-6794-a72a-38e6-6e8f6dbdf474
396dc9ae-0028-bc06-6089-1ca20e7af184
08a7afb9-b86f-4eb9-2d37-5e5bcb5b20d6
89b99faa-47fa-be57-af58-e7d51e7eea6c
eb5a71fd-c954-19db-f4cb-157ec46b8702
c78bb7e5-243b-66ef-4228-8365bc82bcdb
026a834e-fa3d-1043-a6e5-8997997bba35
a8e56193-e831-dab4-0677-ad5ee8191acb
ed394b49-914e-91e4-9c4f-f87755a1113d
28ee08cf-2d4b-ebcf-609e-bdebb1cba1b7
f7dfc8e4-b71c-f382-a238-8d89ab9c280a
83710d0d-1da8-1bbd-4a19-996998b94216
eccdc401-111b-b00c-54be-9e4ba4981085
a65e7d5e-6729-7a37-409c-26358e683a69
aa27c7fa-29ab-586e-d163-f0d8dbaa7231
214a3d0b-a4a1-2c26-5d27-543293504055
698e06c9-e3f4-4640-6e96-51690151c198
65f9f583-a38a-8ff8-9955-e8f764f901cf
11afe17a-cf07-6b9c-d078-b371c47a5462
56696ccc-55e8-9639-d6d2-84c196741590
765c786b-f72c-7c07-c23c-cecb25796fec
af527c39-894d-331b-4833-f898e86f3ff8
ec469918-87c5-0be6-78d5-874e86287752
39594aab-55c5-1a91-4244-06c100d221ba
fd4476a1-f819-0291-b2bf-a8cc5cca7113
645e2029-5692-6ea3-08cb-07b81ebfccb5
39d3074f-2e09-8673-3fcf-64a6bc734c82
377c53c2-e11a-b69e-7514-177ff932e780
e11c09c3-aeff-16e7-807e-b1531984d157
605f1d07-1320-088e-3f85-7d69c36a1fd5
c1ac0b67-0db3-d1b5-7a0d-373a4fb4e2de
ba4b5b92-928a-4225-d5eb-9a20958bfad3
b8879584-e91a-4ce9-a855-53bd1119f9b2
cc33d0db-2d0e-6572-5c6f-d4fe71c27fe1
743135c3-800a-6e70-b723-ec24a49b3cda
3aafb66a-4180-b020-73a3-61d09a5a4f09
abdd5405-5dc9-65fc-3618-1fbfa18674a2
2d86edc8-b0b8-e1f8-f496-3fd4d63c887f
f59e7329-a3cf-7cda-a55e-6ec7afb7bd80
a4d2f494-ca9e-1145-28eb-264d8fdf114d
5bd5c17d-6a35-8755-e83e-3c5dd99072ae
6bf6bf28-6c9b-f7da-cbe5-51c59f9f0b42
4b12ccbb-f35d-ce5a-5495-9dcce7239221
59d47800-bcaa-6c21-2947-9a3a6ba87869
07179191-db13-ffb4-c758-eace6559e2fa
7bc2f250-3a3f-77cd-76b7-db3d20c5795e
aba27605-5750-36ef-910b-ca3de0151a41
7c1c54c8-0b1b-dc7b-2c22-bb60b7766812
337c2af5-4c42-a8ef-bbfb-eb63903a24c9
82a56208-9110-d751-6902-3cb94279154a
f7c6aff5-a311-3095-ee4d-10510ba18610
70cf7c90-a21c-c1a2-2bb6-39a97f3c24cd
ee373e09-81eb-c687-69bd-38e36c20ad5f
489739ae-eb24-710e-b00d-8ddeb42a5142
0677f655-8e1c-5ce9-ee57-a4e44334b07b
e5280553-d30b-6cac-e727-7bf8cbb3368d
78ff50a6-b85b-8482-ea05-f90cea61ac01
9faf9d5f-c69c-c819-ae6a-bdd45c81fa44
9c71ba7a-5dd1-fc1c-f1e0-02e321aacb9c
7d5ea8fd-79fe-bc7b-ca97-511010cb6ee1
0cf60d0e-2494-4ac3-25a4-20691481beba
0c873a81-f727-4d89-8f09-9752fa62eb24
eb94f4a3-2dc6-903a-f9f2-49e8d9da32ff
5acf1656-4e22-4b99-f858-704a8aa87049
ada61c71-7f7a-f618-5d47-ed0696d74624
08b49757-7b2a-cf10-b70a-b85624cd1f9f
a4ee26e2-2d31-d433-3a91-36a5c2b496d7
79be843f-1791-a3ab-dba1-d51b97e5aa7c
82baa998-5f68-a798-bf05-8bca385bb697
cf4cdc8e-cd33-96c2-8dc9-77826c19c0aa
bcdc6283-730d-ae14-beed-feb0f8dcb1cc
79294381-81db-f163-068a-1dbc9b9cc0a3
d35ebd7b-1e18-dcb5-a4ba-92b21f841dbd
fc25b3c4-010f-dbb1-8a42-41f92cf7b998
0be217b0-bd6f-8678-b904-98c1b593e0c0
39670019-f662-72a0-78c4-70b117d28211
962d0ceb-9325-73fa-4987-2c44a41fd6c8
672cb337-3a65-506f-4bca-424206ae975b
40f01e9c-14c3-7ef6-a41f-342b009b69fc
21dc1e1f-7943-c3f6-f8ae-03a8651b05c5
c093ff84-f6c7-85b7-030c-1898bb6e295a
7009c6f2-1cc2-df79-2d61-90615df4cca3
6c429b77-9b62-0c0d-51ad-33a06029bfcd
9d9c6242-cdc9-29ac-9a8c-27d8509566ed
67295b3d-b6ba-fd77-47ed-5893a0fd9454
e56188aa-1f47-5df5-d9d1-5d4cbcb5a022
599378fc-319c-d7ab-beda-bc942d7a6d82
aaebb8d5-107d-e27f-bf17-d2c504d52920
0c75e92c-f0ae-8627-dfc3-1e2c38f5cc6e
c1c37d67-1d36-37f4-1213-deb35259e041
f1500e2b-bcd8-7a05-3621-e5e30398bd72
c470796a-d712-5f3e-3875-96c43fbcdc8c
f878794b-396f-c367-d1a1-02428d7c8feb
c47ae45b-6603-a564-cffd-433775567c88
2602359f-b310-bbe7-849d-a59547aab0ea
c2032d12-c2d8-50b5-1560-f2ee4e8b8423
cdf96758-1930-0d78-84a7-c13fc896c5a7
24fbca40-8489-6660-ccee-e7f5d786735b
0e6b7a56-4f9b-1a8c-cf1e-25ee1f3f9325
6f71bc49-52aa-1fbf-2aa9-8477e8a26b0b
9936992d-13c8-f013-7e24-13c123562858
574bc800-c367-776d-5a35-c00f66fff2e5
34c26cb9-b6b5-cc8c-1dee-887f032ca0aa
7fbc839e-c4e9-f2a6-a47c-aa93a736ccc0
072918b3-c319-4c9a-5ac8-56ac29a3043a
d21bac93-023c-f8b7-244e-e0df8688f38f
ee326f81-f724-62b9-634b-c5f19e291e64
5e99bfd6-d9ba-a3ca-d870-5f1f61d1512d
294d2e0b-03e6-54f5-9273-f87e7a8e0988
b391ac83-0fff-1ff5-0ad2-e6ce831825ee
4f0636c8-2edf-5a68-0759-fa0c1c173fc3
a5357a52-697c-f30e-70bb-6c098af80733
08b9ef52-49dc-7ffe-dcad-afdabb95c86b
87c70a59-dd3d-a08b-d66f-ad8769705e4b
d5f1dbaa-f8d3-a060-ed44-2dd360f319a8
ef136b6f-879e-ec67-4f2b-05e5abe190db
67a0a038-2d93-0e81-af22-f8d60b8625f7
3e4fbe93-5ef2-5bd0-3e88-db65eb5cb461
709a9988-315b-a064-0bda-34cb65fd76d9
d7a2ded3-75c0-b7c9-0156-38ff4aab7bf9
abbb5e25-e064-a2d6-840a-46377057a5df
ac04e13b-fde2-1681-3093-ea0c6cd5e402
bbb867dc-3daf-8b3e-2879-cf17c2e06469
26e279e0-0b3c-b1f6-9033-6a32ce7b2185
3a89cdfe-72cf-9942-bca0-afd5cedfb775
4bc0a398-fd8a-def0-c785-efb69878b883
01f26afa-5837-1e0a-1694-4c0a3c74657e
11bf9f5e-1cb4-cec4-964e-5590520f31c3
986dec70-ba13-3dae-1c5d-f7f0a4bd2c88
292ed390-7b1d-5d5a-85db-1a2c522b48b7
5e5598ed-662c-703e-b772-8ccdce82937f
ba5d5f1c-4ce5-45c3-0f91-c4d3dac19090
1f374387-17f8-f692-55a8-7e84253bea14
89c235be-ad17-35b3-e18d-4bd538541b1b
1ea77f60-e287-9f6e-6ab3-08ffa20660cc
3b742ad7-c99e-ac9a-6bb3-e826320ba545
dcead885-8aeb-c8f6-8d47-c76cc97f8f8d
5c545d76-e83c-14d9-eba6-7d16b2ee2204
47dfe62e-d996-5aab-112e-9e5b03efccc3
87604162-d74a-4073-40f5-4d3b5ae0edf1
0b882b8e-8545-0cc4-2199-c35735cbb161
0abacc2c-f574-66b7-d03d-c08b8b9a72f6
0a5b1efa-f636-b00f-77a6-5a138456ee39
aeab376a-ac86-8221-af9d-89939345bbc0
72c49566-79ed-7170-0fc2-0ad0c3e193d5
abe95adb-7300-0087-3224-c1e05dcabf6d
1fc0bd80-8e5e-f51b-ed61-0e78aef8627a
420d8bb1-1cd5-f003-74b8-cc29c9923813
2fc87f79-890a-2355-369d-9e2f8b7440dd
8f0ebe8b-49af-0d55-104c-438eba8e3b34
8f85d1a9-51f6-d4b5-95e1-cdfca10345af
bb86cc9a-f84b-3077-8739-892417e257b0
1eba21ce-712f-4d6a-fe24-069421bca4b8
4e4569f9-3207-2ea7-6500-0441545000e4
85ea0a8d-1239-fc21-749f-61e78afbf805
cc91d733-7647-fddb-49a5-91144542e03d
365bf74f-27da-39b4-a615-7ec46b773308
235e11ee-7010-e2c8-3207-8e6e7a1f2da8
c0ce2ed1-d224-23e4-756a-51083be001b6
10259347-546a-f9b1-0ad8-23adb694795f
39a4dc27-d67a-cd8a-d2bd-d8cce17d205a
29dd2682-38f9-4b47-4fbf-427337bc9dfa
ad3e2743-e170-aab4-d26e-82d9f73a2691
d9434b35-cb7e-ab5d-e00f-0235639057e9
5914604c-ca32-d62e-de5f-f4639e2c0769
83be9bcb-1c0f-fd13-cff3-71b105026c87
88a5efb8-daee-c02b-1bfa-d763abd261ed
6a88d53b-c0e8-b072-f257-49cf3f3b8172
b8deb8da-a4f9-edc6-9334-d143cb98cf19
e9375335-d193-e1a5-296f-d84bba69fc02
04533422-80be-7918-1b2b-ed5e51ceb52f
a7ea1b4f-9243-a5d4-c9c9-dbd8d2a37334
dd958b61-9441-bc32-39c6-b50a33e0d4ef
e5642a38-7d59-b9f9-1f2b-7f9cf7a26951
4eafe76d-20cc-a782-c3c4-1b37b3297c15
9bd219a9-c220-bfd3-2144-bddcf7daf1d3
af8c268c-3f40-f00b-6351-0cf9e57a1fe7
5de06827-9e17-e67f-9af2-129337868c10
3820bdb5-79c5-3f78-71e6-31a317d779d6
33ac9b45-bfea-3192-24b3-76b6a0eb3269
5da0d80d-3c24-f4eb-2651-8d403cb358ac
ee399901-aad9-edab-9329-c9daaa3805b4
61c0cbb2-1f06-1049-2434-c7538460b8ea
c77f5a5b-9bf0-f940-790f-390d77601c9e
ac976bf8-bbb2-8dcd-917e-1b81cbb295bc
e4fc1cc5-6e8d-133a-2dd5-1ea24e2c4780
893a3c2c-cf03-ff49-721c-11a1b485ba59
9ee0b14f-02b0-323d-b61c-6a3b9e4d2193
7ad0dcea-5c40-74ec-4f1f-abc40c497a73
63499930-1ab3-2a46-77d2-e881316d4f45
9a39a4f7-e179-4829-ac84-f4e99b8f3dcc
8b07301a-c3a6-ef76-63eb-d5cfaf82e5d3
f78a9173-7dc7-c87c-6259-e6a2b441af55
bb1de80b-23e5-8ab7-e8a7-009c20c141ea
89f1f50d-186d-a4c3-bdb5-d73ef8f5a6a8
7aa362f4-1595-83cd-ad03-73d6556db2c2
b4ecb36c-f5eb-9b35-8cbf-fd9009cc1446
d889651b-d908-04aa-7ad9-26bf91717e67
2d878271-9af8-1481-266d-4bbe1fb09fa0
93ed7f13-63e8-1438-188f-dce0d0457d35
420ce327-5e50-6209-88b6-19ef076aaa51
8d4204a8-3674-9ef3-fc7c-5110c9d5faa0
9d7198a5-d246-c1ba-f2b2-d07b950778b3
8fd1c0ea-ff7b-8b04-b43d-67b69d1f4caa
876df223-d71f-b85e-176f-4bf6aa5ce027
db599c9a-dc4f-bb15-c7c1-06de83ecfc5a
44cb56ee-7025-4204-3132-dc7862fdf60a
41a34e58-c615-34cf-5a72-aad9d3c0c2ef
ac50ac58-7eb7-c969-a18b-f101ceed1104
fca73e3d-7e73-af0c-b44e-1b0b0a2c4a5f
5088dff0-9bab-88f7-3588-ac9a95ff4e85
938de5f0-d0f6-3d6e-f0b3-c538cdb131ec
1574d2b2-3c8b-c088-ef11-9b4163a484f4
647e9275-0c43-90a6-4027-ffa32cfbed02
8b173564-9d0b-6427-d03c-25f436ff604f
61860a97-da28-81a8-d311-f121cd842c9a
8f4a5a7d-851b-0737-8ba7-68fd1cea19d0
b9d529de-b123-116e-3191-eddef31443fb
232b2c9d-6be6-6178-efca-919d0f958f55
a13153ce-4ddc-c8a7-a5f9-023d01db6d88
b6e6f253-67c2-8c54-43da-ec3363aa8c6f
936080e6-8f4f-deda-2b82-8b2afd24eac2
019336a8-d139-46a7-abd4-1c1df6262b05
0da7cb4b-6d34-fc2f-8d3f-fbe297b280ac
b4246752-dc47-b8d8-b611-acd4a9a6fa99
26736d3d-4815-ee32-7604-c16ce70e1863
6a138475-c927-8358-e130-19da3b5b8fd9
9aaa1c73-68f3-c1aa-4a16-3dd0a8b2a1f0
f8e7ed6f-a2dd-635c-317f-190764635d9b
cfdffff0-1da1-a8a1-59f2-3ec46a061e7c
683c2a2d-b832-5629-ef22-9b90937e2e0b
6e96908a-8e73-f2d5-bf5f-29f50ea3c2b7
ab1716a5-06f2-385f-10f8-61e41fefcc85
17a99cb4-6e50-14ae-21ec-b5d743d159e3
a51e5910-cca4-fb27-e482-0a3371eac5a8
4990ff45-aa5b-4629-6b6e-6a4ff3981a7e
50a63329-a823-3aec-2994-4acf5eddbe41
0c36ff35-2563-5177-42cd-155d0a640eed
d90a3b1d-f58b-6b05-6c45-beb1fb818190
716bab44-a417-79c5-6149-09ad7bfc8f45
3e1b02ff-72b7-8c5b-ebb7-bd11d215dff1
f90da954-9f62-22b1-3889-df11c8eb4d13
cf17eaf2-639f-da6a-4794-0320d7e8840f
3edc7184-e34d-ddb5-d2a3-85fc54ead46c
4e7fdab8-bb0b-0617-0d9c-0268fdaa24d0
32332ee2-b44a-8620-8b71-4b0c91e0c300
783ceeea-3b2b-f9a1-024d-1ef71a7852ba
8f32cb83-461b-4d35-4c2e-81732e665de5
312071ff-80da-f9f3-4240-7f997e851dbd
c2e53e8d-fcc8-f893-cb98-0fcb408b0b9c
10983b3e-8a16-cff5-9f23-82da266a19d4
0ffb342f-918a-9315-88ed-af1f6364f8b6
cded3c6a-d094-92f4-e743-ecfcec01c8dc
a2335e29-65a5-bb63-5da2-0019fcea0676
ae22bc3d-2c3a-65a1-a57c-21c01fab831b
72cb7f5a-13f9-eb26-028b-0b2a285d26f7
c6fe28f9-11bf-3dcd-eb34-b8891b6786a5
0f09fa01-fdda-ea7f-558b-f5ec3e648358
40cea56f-19d0-7cce-0526-57890c95ad48
e4bccd0a-81ba-12c3-8e5f-49ab19f2f531
bba3668a-6e6a-b367-4648-8a23b5a8d404
d1983a09-5bda-7e8b-9cef-499462287d9a
cbb88b0a-dca9-4c37-376f-68c2173f8069
844fa079-4f56-5f10-220e-00dfbf29b776
ed8215de-ee38-dcff-3e31-db2271705505
002af55b-90fe-b56b-e7f8-f35ba1608b6e
c5fd14c8-c0bc-54e7-d0a2-1ab74be6c2d2
0483658c-39f9-a9e5-3d08-c603ba0c041a
c3e4aeeb-d18d-d6c5-d643-9eb6185a3f9e
4f381b07-e962-769f-d0bc-f13911cf6c7f
72e876ef-bba5-8ae3-17d4-0893f0494f7c
c5e4d357-13a8-f079-9350-e262496c9267
5b413f1c-26a4-0fdc-7a9b-a4c545fddb50
c930a377-bf95-618d-6226-72f06bf4a3d3
396918b4-b2f1-5b77-52da-93a01c12e378
7edc6cd9-06e9-018a-c976-b23e976ca68b
b0ef8de7-0b5f-563a-f93c-a59bf21f5b69
619dcb24-5578-640a-8f20-0aafd3e3855a
facfbf29-e6d9-70b2-99e6-c1ec486f05ed
c391bed8-cf99-af60-e448-7591d28e0126
1925013b-6492-fab3-caab-8cee27338ed0
9a011dc4-9784-33ed-edaf-39345228ebcc
98a79cbe-dee4-fe5f-6996-c069df3f12cc
1177e37a-94c6-b4c2-9db7-2d457f79541f
3431cd8e-48aa-4325-4d06-cfe03e91099e
cdfc1f7c-3ef5-133d-1b38-5083fdf11494
665a2f0b-8355-8bdc-5e45-167de9a3130d
98f59c30-8dbe-b8f9-2360-26c208f5cd84
69861b79-f8d2-59a3-a39d-fdfcfb94b2bb
ab020643-7cb6-24a1-7630-058d8f57653e
59253dbc-4e59-3c36-1a3c-ab544689b851
cfb035d1-0770-c978-0b03-0e14446097ee
2df73a01-6c33-d5ce-2202-f7bb67b9d201
2e56f90f-e306-779e-1272-90dcd26d6bf0
31da8ff1-afad-08a5-8877-e9e1ef0b0baa
a2bb9ba8-f740-20a8-0ec8-d256b9f89b96
2b44055c-5e65-ee73-3edc-de1fdadbdd8b
4e23c5d1-ff8d-c621-758a-f4959930ab17
d7051c11-e36d-07e9-fdc7-c28622a21b70
0304d59e-7b80-2994-fe5a-8c7b2e9809fc
61d476ad-2cb3-85d9-5382-be6ff95a00d1
be49800a-a59a-a2a2-f8b5-a5e274dc3035
08252a69-062d-29d6-43ef-263747dfffe2
8fd5692f-7b41-6c1f-dd7e-835259ac8d40
b58fbc20-6e4e-ac68-127b-7b5d674e3385
b92bed8a-22d1-90ff-f92f-dba7ba165e20
d7b49ad8-94c7-253a-382f-ab7f1ec955d5
4eac84fc-5d8a-4de6-ce42-8b0f13c45ccc
c4c73f22-ae5d-99e0-5fd9-995f8f9dee5b
bd673918-50fd-eb0d-2545-c67a219957f9
150a3551-b87a-b449-4694-225fe6613cd7
b02d4fd1-0ce0-fe5f-7789-73880c826c36
94420382-fec9-1df7-4da9-5b09caa7522a
2a7b6cf4-b8ee-e488-3be3-8aa93e3356e7
552002c3-3dd3-016d-9cbb-11b1904c4ff6
e17cd806-77b0-ff2f-f4e9-5d4be9534963
97802bd5-753c-267c-f5d2-6d260b3322d5
2191509d-ea37-02c8-60da-55aab53868f8
cf42342a-440a-5ccc-52e5-936ea5f54a7b
30199eb5-4e6c-fab7-7328-e9b360547367
abda981c-5bb0-0121-0983-b31d98ccf7ef
97268edd-514d-8050-e5b8-e86166ced9ef
ddee8d6b-7d34-8e2e-4b8e-60c7e4414d92
c5c7e513-4cda-d756-6a52-c55f9ffd1ba0
3140f00b-8fac-6f12-a5e5-5c72979db4da
143f514f-f7d5-7c5d-c2ec-2b86ee51d83d
d3dc1b9d-4642-2ec4-dead-9a9316a565b0
8450cdc2-5282-3051-44d8-0961c34c0d21
c671f3fc-9f4e-e918-5ae3-f282647260cb
8b0c2e7b-c2dd-5999-b47e-8cbeed6b04d8
896ac106-a2c7-2885-c174-15fc55cdcb90
06f69273-9bdf-5d0a-b2de-8b9cab5085b0
e34f2fa4-ee81-89b0-abf8-b3e9d7181959
aa93fc48-eab4-d5b2-5858-824707627be5
db180f8c-975a-b956-062c-094cfa251bc5
37059866-dd6f-99af-0249-96f2cd37317f
77443957-0abe-affb-d5dd-daa728d0cb36
4a70ac13-616c-dfe4-c4bc-0a6a6de2c5ff
f9afa38a-09a4-d35c-0ed3-bb7706aa8226
e3178230-8f3e-f7ed-d0a1-abe8f208e4f9
0cf8361f-ba19-c0b5-5c68-e21536e6b366
57b39f65-056c-0a26-d3fc-f3f7183bd56d
024f03b3-47d5-bd46-4088-90419d7c2da2
0b0e31f1-9379-84e1-4129-ae8446d30bc9
03ffce6a-ca95-fc00-7665-740a4dd02d32
e5d5195f-2bb0-d6b5-b155-d8b94cd62aa8
c447d03a-cbbb-2f39-1ebf-7f4fecc29106
5dedb449-825d-f5e3-f98c-70c6bab326f9
da9c7d94-fba1-5550-4c68-7ec84b846409
9f7761f7-62be-419c-94c7-8d39e47876f4
745e4b70-6394-1ae7-e865-a008213dea40
6fbbea73-f803-bab5-9854-77e7ef985892
4b367215-12cc-2c2c-c78d-0c7bbf270789
8b8d3c1e-d9ae-7e41-e265-f69ae96d0602
d9d41481-d29d-7dc1-5d13-ec220593976a
40d9865c-e992-0345-c0bf-e3fb1e58f4cc
75c9b64f-f719-fd39-8b9b-3e5b96abc994
772c611a-a24e-4469-e6bd-4b50e94e71a2
29ac7b4f-9e4d-959c-b9d2-6179819e26f7
20bcb2ed-ddaf-6142-2a84-b8f791296684
ca51bb92-bf30-545e-15a6-505c07a5277d
edba292c-6393-7b85-2396-d8cabe328def
76fe78f2-2939-76ab-8c39-887d67156d0b
29ec8bfa-4048-551a-ba4f-d223ce280b48
1e016180-c9e1-dac0-9aa8-8436909b7cd9
7824e705-fff9-1f3c-2be6-d66939effc61
6572eeff-d73e-bdcf-32c7-9db5edc8ecd0
a7feeb19-e267-e6da-ea3e-46ba75e1cbba
184f7a75-264f-12eb-f133-5c478af715ca
1b8a7e3b-c7a9-33c6-4a32-449aa7233173
590cdfbd-d05b-1508-0554-e74835c4c867
c3215026-67c7-98fb-1175-b9b9cc18a994
f8498f0e-55ed-7347-ec3c-9f69ed94746e
2b0d7207-3d44-d328-6e89-131aadeeebb7
12f90535-3bc0-d7fc-6e24-bb06a77265cd
7adc5bcb-30fe-78e1-ec3c-019410927221
ac806436-6bc6-76d5-efab-95fe23d0cb86
7916e1c7-182d-6697-2c11-ccd06a953dda
945d96a0-c4f6-b7e2-05b3-17f705ee2c98
242837a4-d9e6-4c89-c074-52c15ab8d01b
3b3e8f27-b024-08d9-d6a3-5a75081222ec
d6039f5c-baf6-c55c-dc84-9d57439b03ac
4591238e-7966-dd57-0766-ed4bc9b6c360
c4b99036-2f26-28e4-c73d-78b1bb2b08ed
5dacdf96-e2f4-5c8e-0dc0-2827739f3a56
1f503163-e84a-8d4e-60f7-a070669f80f7
7fbea1b2-defe-3af1-d397-1c9b2028f3dd
f72ffc8f-ae7a-c7ea-b783-3cee4333bf74
00c7e231-7947-d0fe-34ff-69efe431d57a
cdc9fc91-cdf5-a7ac-20fa-8b6ea54b52a3
1417a35f-3c00-85f5-3421-b1374b68fe9a
9caaf19e-3c21-f09f-103e-a16af913adbb
13281787-0ee4-94ee-22dd-c92a5a263172
3a9f512b-3f46-a1a4-b5a4-77108769dbdc
5030ca8f-9e3a-3cbf-567e-cac423c95677
03f57f68-afa2-c5c7-1fc0-eca89d025b27
2b4b75ae-457a-51d3-034a-0f0c65d2447f
d42f3ed3-71af-3574-2791-7ce9c0e237de
b7356f42-1d82-59e7-d9b0-25b16d18042d
05e3ed95-d373-3601-33f2-93f49f7a65e4
e075ea44-2b9a-b049-a554-426750a4b2ef
31ab865e-f669-43b1-ab9e-a327934fdfaa
0f398ad0-961f-d6a9-66f9-b90a3a45c786
2d99501c-d73d-fd1f-451a-acd0994baa3b
eca77d39-e1b0-d13c-a7ef-61d7ff4442e9
26613551-a270-39ea-05cb-99677ae92856
0ba52452-3385-d13d-83a4-aebee77822b7
088ba0e8-faf9-c068-3be6-b65e711e05f2
f3acef6c-07d6-c660-824a-ee0a3ebc3e00
7c8fc4f3-2a34-c832-2923-4ee6e6c27b39
0a227215-9265-40ff-0469-c1382760a405
9200c9f7-6caa-add7-cbdf-445f65602e04
b2688779-f282-88a7-bac0-927cbb9a86f0
f2c857e8-d7cd-69be-b398-7cf606d5d98b
221d196b-f5ea-c554-9e33-276f3ac27a91
dc54af7b-c332-f1f7-527b-d323d3fa8f90
9b8d0c61-460b-3320-bb8a-586b0cb5c08d
04e366fb-1f5c-03b2-66d2-731086fce141
1364291f-0338-0804-ecf7-83f574d4059e
3f9ec5f6-df74-d846-73e9-30688c3f3c03
3ccd2b5c-d7c5-c87d-3d3a-e6e5bcfb21d1
be627adf-3bda-6324-7157-79c1aaf75ad0
4a7c4279-b82a-42a7-2e0c-b02a4cabf55b
69389462-1d20-b976-2f93-c7f39078ffe3
fe653853-7949-53b2-2daa-69f413886e14
ad46621d-8b78-4fb8-7584-d79b12169d57
850ce74a-e3e7-1588-48bb-c0c34b2a99c8
9b58369a-d2cb-8cd8-858f-1626a502123e
e689220e-1a78-ef49-760e-e20d5c979a06
092e46b1-c6f7-7f20-1c80-bb4bcc8c9b09
727311cc-b848-543b-14cb-de7c1cac22a2
32e06228-b16e-7a97-e32a-786d100bcd14
288da31f-acb6-8552-8968-cb08b68222d7
4a3f6c57-8df3-2038-ab55-327ce4f82407
3bc55cdc-fdb9-17f0-536e-2e8f074d0ad2
5e63c586-3f19-3dbc-bcae-eb257b7520bc
1857f996-d702-97d0-8e85-69560904ee3d
51654aff-aadb-73e6-9479-f5ce04e82624
d39aeef3-b0f3-c596-b7a5-2312480f3e89
fd440bb6-a0a1-1f0b-f724-63afc228c854
1356e395-5912-9f7b-a69b-f850853bcc94
efc546c0-5774-e99f-f066-e7f78052b8c7
2120734b-98c2-1c47-65c2-62a125ecf446
a6d2eb82-07d7-2097-ea41-49f9f9cb0aca
fb116c43-e3f2-e15c-0397-5536aa8986f6
26375b90-f5a7-947f-a398-e42ece1fe3d2
3056e248-6dad-d154-3e9c-884ea087b7a2
126f9ff8-4c1f-4196-bba3-86993aba714f
53ace204-7add-29d6-b51e-476a1b1e922e
671f35a8-d96d-e699-7f8d-6f235016a2ed
a8b7141e-9c5a-3412-2a53-e66a1ef3fabc
16bd271a-61ee-98ad-5a66-03cd4e28ef23
079f90e2-8e2e-5f01-4380-a9532b1b11de
12682523-fdd9-2d75-cca3-6f3545154b8e
b6ba2a34-78bc-a5dc-99a8-6ed88fd117d2
fae0c68c-28cf-bfc6-c20b-2972d36c59cb
45549c2d-214c-7334-d985-c69e043af76c
a7d23faf-c9ac-7c7d-5d7b-625495e1af5a
ea9eee9a-1d08-8e99-bb2d-78c3a11ec47b
0163d936-a264-b269-4aa4-16eefab52bef
3474934d-5ee2-50dd-ef09-63a7c684cc1f
655e5056-d544-c04f-9a52-6e3398e37ca4
03849bea-672c-6b90-f795-77149a086317
2166cfe5-9167-cd88-ece8-8309caca6e9a
a3004069-6a3f-c8de-ed9d-6e9193c40384
22484840-f3e4-8466-05f0-926cb065471a
3cfda799-fcb9-401d-c3e1-ce9727a34e37
731fec15-1687-339b-3760-9167bbb94b7b
7586739c-fbc1-a691-3173-f6177ee78174
4ffb830c-b0d5-acc5-ba17-3eca43b04c59
7016654e-4315-5a8f-5ae2-d094dd29812d
035083b8-368c-66d8-34f4-0ccc722fa53f
ee4c8e8c-ed00-9225-962f-a686a7b49332
9e093167-2e12-540a-3e36-8f5a93e4baac
44456e6d-e2ba-d7cf-b05f-46b78e0f59c6
9da46284-6e69-d4f0-07f9-3d0de23f73ac
4735f2e6-8390-2949-0e0c-8f4227527862
a7750152-40de-577a-ffe8-12e07ea35b8a
ac24de50-4b0d-ebb1-2750-bf801e67e449
e55fb704-d0ba-4f89-64e2-dfca7d8f4b94
f67c8749-4a87-3275-380d-2d3ab78a1cde
b4d2d82e-35d2-42e3-8eb2-f5e3b57b779f
317ba78f-118a-2397-9794-aeb43ed94d78
c16e8533-3591-1bbf-9fd3-00d5db28fc88
0e21102f-ec71-bac6-03e1-a454b2b0d829
55fd37b4-4aaa-7514-642e-3d7effa2a630
fb4237ff-441a-01e3-10c4-4a093a7d54d8
3fb1b120-6b3f-4be0-d4d1-8e5bd6be4feb
ff35f103-0ac0-75f4-497e-237d09931a16
f2943df7-2b67-fd7a-8c0e-9707d0541cec
2fb0fb37-02df-0d83-235e-90bd05cea8ab
420763a9-e0c2-8dca-a8c1-1a2018effd17
e7ab240a-0691-ff88-77c0-c138c39b26a3
57f4ad37-7bcf-7bff-ddfa-74f2263042a2
130e23c2-2b83-7543-6e11-09c33aca836f
1e43f0e0-1c25-2e46-c16b-07f0f2cbaaf3
25138ad7-d5a8-1a75-10ab-939932ee7019
4a23b147-9e3a-a960-3708-19fc51e33962
b06e5e90-69de-4632-3507-5645048bf08b
fab090c0-21c9-11b3-c7f9-ec013d6ae0b7
a820ed55-b497-6372-8d00-63156838a93e
09c252e7-91a7-aae6-336e-e72cddd443cd
4bbd15e4-adbe-5f0b-b118-4e3ab2661496
48f0e9ea-aae2-c559-c8a9-6f3cf1ca6a27
9c56fc91-ad30-beae-8baf-cb96baa11a6f
0e1035c6-c36e-e9c8-0da8-222961120d4b
1664917d-752c-d7b5-4521-4c7e6f2e8a6e
5c793e38-3cad-4841-a1d3-a1a93d0e6e1e
c14cbc0a-e469-ff1f-eb66-c24de42d6379
5582577d-2dec-272a-7393-3d6b8c8c4948
97027166-33bc-d3c9-9af9-a53392704cc1
71f8e630-832b-4675-a33d-571c2b597183
833b9b43-9e6a-e352-fcf8-d981336099aa
194d439c-6ff3-a38f-0f7e-0661c04df2eb
5c287a66-a446-a5f9-e251-bd465031b8d1
e98fef87-8d7a-74ec-7f9d-a8a219bfe54e
6a71a8a4-2a4a-5c69-8c86-65bf60c24b20
221a75ca-874a-e461-78f1-25c419c49bc5
bd9ab8df-41e6-f038-95fe-60b9cf840bd7
bb0f90b9-ea37-c97b-ce92-65548ae2a308
d7dd80b7-1b83-1411-be79-ee83cfb974e7
0368a5dc-9a37-04d4-0fc8-0926a8d713a9
6c67dab8-11bb-e695-cbbf-2b317556ee6f
9aa9c7c4-2a01-d608-0eda-79f86e70bcc2
ce571f7a-a13d-3026-3b8f-a241af7c2301
dc90cdd6-4d58-a052-2765-6c04fb43f775
7411a855-cb8c-ba1a-92aa-a62f93a49ee6
541077bb-41dd-783b-bf01-b18f9efa5c47
eab65991-68ad-c6b4-ae33-f025a9b9bcf7
0002c32f-db96-8981-b8cb-98d4bedce413
0c040589-bc3e-8ae2-3b1f-6cb191fcafbd
616aaa5e-bfa6-c30b-8f29-3894e5a2db28
7106c607-8473-f5f6-3fb9-020c012937f6
2b211bf8-d3ee-20a0-47d0-f2ce0ccb2e2c
12689919-149f-db25-c8a0-92d71f915b8e
77562c31-723b-d837-dd69-d7e6bfca4a23
739d3bf1-5bc8-edbd-8c77-71ad03472e0c
f74762cc-39a1-f6e7-b0b9-b313575797c7
00359338-dcf9-bafb-052e-0bdbb137ebf5
c615792f-eeb1-b8c2-9460-74928aa88723
4644b6dc-ce1a-0367-dc22-e9729159acca
5afd1ab4-31c4-dedd-80bc-c2793cd81dc2
24684bb1-fd4b-b9a8-3e1e-7bdd9c99a735
b2401e65-f93d-4e12-876d-951e1c74896c
56719eac-1812-23ac-f31d-ec74e4061d76
1b175ba4-cd71-b019-6d45-060ad70603a9
34d6717b-94a0-a067-5409-f4e7f821a02d
82149a1c-4f81-8f28-51a7-1293a8aa76dc
83f37a7f-27d1-b12b-9a0c-72ec8259ae6b
32179eca-8c0d-44ee-b742-0de48d65c5fb
d1ebaa3d-d2b1-abad-6f0a-76c69e880215
e8e554f9-8fcb-fd91-d2a2-fc2d05df67b1
36339744-52b0-7277-a0c5-0115aa0d565f
69f6c618-4f9a-e339-a0ee-ccd2ab08e6ae
90cf20fd-bdb0-5d71-b695-ab336750677c
0147fc20-ce0a-3345-d2a2-eee6ee57c294
8c197b82-0465-3ad8-7ecf-6cea9d244660
8ab1b32a-e691-ac7d-7fb0-5e7c3abfbfeb
f437846d-9a7f-1ec2-5caf-0d86934a02ee
42535aff-b433-b5aa-5152-2a7197a84194
2c54aedd-f66b-9e98-4400-0958dc161549
341db68c-2399-20c3-6e73-947d1609f4e2
ff512576-cbbf-7566-c521-b61ac5cc3938
eb3f45ac-fa50-23bd-cd32-bbfab26d38c5
6600b0e2-72a6-1122-4a9e-d4775f52c009
7284af57-06cc-841f-6ad9-08bd6cda1729
2d2b0c78-0a38-9bdb-6f3c-8cc7d6d0a5d1
8f16a20e-4db0-96c9-ac79-709469b5d28f
bc5261c5-0b4a-772c-82ff-304c59796042
d638ff97-8aff-15cc-f8cc-f4661be96256
9252b3ce-5861-efba-9ebb-77b73c1a494e
afdf5064-52d9-661c-03db-7cce63e722d8
5d9963c5-3d79-123a-ef30-ae3e76638df0
a81763fd-cf8c-2bc3-c110-44102102ea55
139c5371-86cc-a207-2c21-f1b7ea8b2eb5
aef23688-e20b-deba-750c-e4bb6cbbe284
bd70109c-562e-a052-9e61-3ea3f791822f
6e9c621f-0700-3f6d-31e9-0a14b2f6c65b
b88853ff-ed5e-e4c6-9b20-d0bd1f0908fd
3d69d749-9e82-5f0b-0238-ac3ddab868ff
3936ff4f-ef96-f1f9-12ea-8de15d49b973
8ef5c0fe-3b4c-24ac-295d-7b99855764f4
d1334909-278a-c480-0dcd-2f2eda95299f
930bf48e-b11f-a0f7-8ec1-7518357e39b8
9f26d3e4-2084-ef82-6eab-9c4c00313154
c9dfc157-6e07-9626-64d3-92f7685dfd57
b7b350b5-cbbc-b0ca-47c7-fe3a861388f4
7c4e3c22-2888-4afc-b906-18e1ca64c40c
3166d91f-9b22-9f18-0daf-284da666d86b
5e602f43-11b3-b2a4-e67d-3d0a245de2f5
421dc0e8-a45f-c549-8ddb-86152236faa9
f1e5ee8c-bdc9-7e84-33af-bafdcacc3669
c2fc0a00-9d78-3247-4512-4f119fd9951c
dc446f6d-7d52-e0cb-aae2-19ee610a62ac
0be6baf9-bfc1-d9c9-81c2-e6363db6f570
5a5aaa79-db3f-4dd7-310b-fcdbb34df4c6
700bb023-13cf-561e-cb3a-36f7aa3efd25
fa5ea753-4b78-93a1-c289-bd957ecb234a
8b579970-8aa2-7563-5b35-9cef80937024
38422b6a-3245-8f30-b323-508d206b2f69
114dac36-d7c5-7555-1268-81e3895b197e
09486462-7784-7c34-8163-10bc61f86295
2a55adb2-be31-c70f-59a5-d6c727a61dfa
390f693f-f1e9-6c6b-9232-0ccdde67f22d
17fc62ff-783d-f68b-3199-4825aec2e05c
5bac0687-2ce4-e461-bd24-6cd1e7499ffa
43135d7e-6b7e-6262-c2ad-70358cf94411
72aee32e-2f96-5454-0842-d9932a370acb
f48f6ba4-6077-7bcc-b0b0-b0c756dd3851
0887d074-2072-8dc1-aed2-d76eadf11694
1e13ac26-b001-0ce6-2733-78d6ed765ea3
4e2e70d7-d3c3-9838-99a8-978b6b717c9f
e0f106fe-2ba7-bdce-a3f3-ee57ec8d4238
75d8eaf4-2257-5a58-5be8-c9726ea84ff3
e7809658-c257-e4fb-2330-c3803d649b37
f2f237bc-62f6-ce01-82c1-392c9b2fedde
b9632346-34ff-d5b1-d32f-7f50bea61893
f4218b3f-e775-f5b8-7c38-504d4c0c57bc
25bec27e-7a9f-f38c-e111-c6ad801a373a
8e780243-cae6-c6d3-4822-4ec9628aec2b
a9c6154f-651c-4ea6-afe7-2fd8dbb64287
2078ac73-aadf-eb83-fafa-dcc264e19f82
a5f11349-ced9-c45b-c823-3146f1452d62
06400b9f-93ea-6ddd-477d-34ef24380c83
1ced6a78-a7de-bede-71d2-b4a2e90d96c4
644dc5aa-db52-f91f-a5e5-9cff39cde734
96ed027b-1197-98af-d3b3-1869fee2a6ce
934c557c-91ca-8a00-a923-7fe3e82e62fe
091bed5e-db05-43ab-03e3-a1c8fc752629
522b09e3-792c-7159-2d74-c8b5a67378b1
ba4a2d9a-0fe3-8af1-7062-a19ed866fb70
aae24b2f-9354-41e8-a569-d3cc21b7d40b
ef9c08ac-34e4-2d95-44d5-ebb714f747d4
3d24d783-cdaf-912b-9960-e3f4c9d3aa17
d8dd2056-295b-ce1a-4066-5f0de95231e9
eef5948e-d4da-375e-a0af-2b3f28b0cc73
c59d0b7d-aab9-93ba-7098-b984f4e0320d
7b376f25-f4c3-459b-c855-c76e49bc1cbb
e944e7a0-2b6a-9332-dd16-39347540902a
84ecee25-1f0e-c83e-957e-8b35bd6929c5
307a376b-979e-6216-5a04-0b6d35489241
354ac72d-f8d9-d05d-f3f1-924e417f9b08
bb16f0ea-0bf0-79b7-fcd8-286a7ca91d4a
d3ce6744-e5b2-82ff-710b-a18246df1d43
890bd2e4-405f-5ae1-76c7-bd0a33eb4968
409af3f9-eaf1-6d8d-c77d-910da3b1a997
fc6dd297-87cc-ecc4-f178-ba7acc47c8e8
faa17fab-0b95-c743-bedd-b39ee761a70c
d6ded017-e61f-7211-0be3-3cc80b37411a
82f6aa22-e78d-dc02-32ef-54165ad30950
77606069-07d8-cd0c-aea0-e74c91d9c5a7
3c2c0abe-155a-3e9d-e6b2-c700e151662a
9d8ff373-bc31-05da-77af-da1c6dc5bab2
2d8bac74-2899-e948-33cd-145d5cd43f66
921e3c18-474b-4f6a-5fd6-7d39787d72e8
c621828c-c07e-8e92-11ff-9361a91fc6bf
828b345a-69db-5dbc-8bcb-5e9d088ed6a5
b1b5dfaa-d8af-86ed-f4b1-3f0406b067c3
62a1a905-10bb-7155-b52c-b689fc6edd80
646dc4bc-6b6e-9212-7926-5133887d79a0
b91a8fc7-4134-eee6-a049-82ece4f9b19c
d2adcf41-b9af-8c51-c6f7-eddbfc3df2c7
206d24fc-1768-a5d7-7701-c921874d97c2
4e342165-f03e-2b17-f962-6ff51550f3db
4c5d5366-fb03-38b8-95e5-301ae005c0eb
a31d7417-5d55-dabf-4fee-14214219d961
b98b2197-ac87-5d39-45ae-9b250b0e3d54
240a9bbe-6f21-07f6-48fb-03beee7b8c7e
3431beb5-7730-208d-81a4-6c7fe4247caa
1a512a51-993e-6cbf-001d-80b0f22039d2
f93818cf-e4df-8f11-f25c-a5eac5a3f799
d1cf3fbd-5259-4e7a-3d03-e4e785322662
bb26971f-8bdc-3291-f8ae-58b83231411c
dbd27481-4c51-830f-a70e-f7d3ba9a4d7a
e76aebf9-0dcd-9554-8435-1e3245270595
97b2739f-ea93-bc69-ceaa-9e805ef3090c
c856bd30-ddb1-0b5c-d47f-cea7fc747f65
8669a07e-cd87-c8aa-9679-25d02ae1ccb4
ec1a6f96-d7d1-3070-958e-33dcced94cbd
fe996781-4050-a115-9f4e-9bcf114c7024
08d3f2a3-f99a-8b6a-781e-b4510cbb5ef8
4922e4e3-3fd4-e543-682d-f24693a7c062
ba3978bc-7f1d-1b93-7068-b1d7d607bfc7
f094a942-a588-d574-313f-f279496eb9ad
453f5380-00d6-dec9-a911-9554f5d18351
30bef57a-5c4f-a435-ac6a-17ff010a55fc
32c25f29-6a23-3cb2-f450-0737b6ff955e
74bf5623-dfc6-fcf3-7230-df5bae942ea5
78289257-ba6c-74e6-995b-a315b012c007
4e7fe043-db7e-3c85-9724-0048529883b0
a3aa30c3-0728-408c-5b59-06be9ef88ccc
08d01d4d-90a0-8a53-04fa-410996ece194
b4e2e446-e4f0-2708-fe9f-d570680d535f
c543ca5b-b3a3-1c06-9cfb-ae3ccc8e49e3
4e80f4c4-8143-be2f-26f3-a3d073a536b4
79dcc868-2e86-5e11-e568-19ef7065d01a
